========================================
 WEAVER ENGINE: 8-NODE DEEP HISTORY 
========================================
Enter Node ID (0-7): 
> [SYSTEM] Node 0 bound to :50000. Meshing topology...
[SYSTEM] Topology Locked. Entering FSM loop.
[HEARTBEAT] SimTick: 15 | NetHead: 14 | Confirmed: 11 | Missing: 4 | StateHash: 0x19F91CF1
[HEARTBEAT] SimTick: 54 | NetHead: 54 | Confirmed: 49 | Missing: 5 | StateHash: 0xAA2A82B1
[HEARTBEAT] SimTick: 93 | NetHead: 92 | Confirmed: 90 | Missing: 3 | StateHash: 0xB2D13734
[HEARTBEAT] SimTick: 133 | NetHead: 132 | Confirmed: 130 | Missing: 3 | StateHash: 0xF31EC1D1
[HEARTBEAT] SimTick: 169 | NetHead: 168 | Confirmed: 166 | Missing: 3 | StateHash: 0xE81AB421
[HEARTBEAT] SimTick: 207 | NetHead: 206 | Confirmed: 202 | Missing: 5 | StateHash: 0x147DB574
[HEARTBEAT] SimTick: 238 | NetHead: 238 | Confirmed: 233 | Missing: 5 | StateHash: 0x147DB574
[HEARTBEAT] SimTick: 273 | NetHead: 272 | Confirmed: 270 | Missing: 3 | StateHash: 0x8B8E7E24
[HEARTBEAT] SimTick: 310 | NetHead: 309 | Confirmed: 307 | Missing: 3 | StateHash: 0x9516F5AE
[HEARTBEAT] SimTick: 345 | NetHead: 345 | Confirmed: 344 | Missing: 1 | StateHash: 0x5C60F51C
[HEARTBEAT] SimTick: 389 | NetHead: 389 | Confirmed: 384 | Missing: 5 | StateHash: 0x2E04B382
[HEARTBEAT] SimTick: 424 | NetHead: 423 | Confirmed: 422 | Missing: 2 | StateHash: 0x2FB6D60E
[HEARTBEAT] SimTick: 465 | NetHead: 464 | Confirmed: 462 | Missing: 3 | StateHash: 0x3E95A8EC
[HEARTBEAT] SimTick: 506 | NetHead: 506 | Confirmed: 501 | Missing: 5 | StateHash: 0x597728D2
[HEARTBEAT] SimTick: 547 | NetHead: 547 | Confirmed: 542 | Missing: 5 | StateHash: 0xC8FE197E
[HEARTBEAT] SimTick: 584 | NetHead: 583 | Confirmed: 579 | Missing: 5 | StateHash: 0xBA9C977C
[HEARTBEAT] SimTick: 622 | NetHead: 621 | Confirmed: 619 | Missing: 3 | StateHash: 0xE58D5211
[HEARTBEAT] SimTick: 658 | NetHead: 657 | Confirmed: 655 | Missing: 3 | StateHash: 0xAEC07791
[HEARTBEAT] SimTick: 691 | NetHead: 690 | Confirmed: 689 | Missing: 2 | StateHash: 0xF3A28384
[HEARTBEAT] SimTick: 725 | NetHead: 724 | Confirmed: 722 | Missing: 3 | StateHash: 0x7D32FF4D
[HEARTBEAT] SimTick: 763 | NetHead: 763 | Confirmed: 758 | Missing: 5 | StateHash: 0x050EDE09
[HEARTBEAT] SimTick: 799 | NetHead: 798 | Confirmed: 795 | Missing: 4 | StateHash: 0x5F616E34
[HEARTBEAT] SimTick: 837 | NetHead: 837 | Confirmed: 832 | Missing: 5 | StateHash: 0x5F616E34
[HEARTBEAT] SimTick: 870 | NetHead: 869 | Confirmed: 867 | Missing: 3 | StateHash: 0xB9B1F85A
[HEARTBEAT] SimTick: 909 | NetHead: 908 | Confirmed: 905 | Missing: 4 | StateHash: 0x1E841ABE
[HEARTBEAT] SimTick: 951 | NetHead: 950 | Confirmed: 947 | Missing: 4 | StateHash: 0xA7143604
[HEARTBEAT] SimTick: 989 | NetHead: 988 | Confirmed: 985 | Missing: 4 | StateHash: 0xDEDFE84A
[HEARTBEAT] SimTick: 1031 | NetHead: 1030 | Confirmed: 1027 | Missing: 4 | StateHash: 0x9C3AD34C
[HEARTBEAT] SimTick: 1070 | NetHead: 1069 | Confirmed: 1068 | Missing: 2 | StateHash: 0x9C3AD34C
[HEARTBEAT] SimTick: 1114 | NetHead: 1114 | Confirmed: 1112 | Missing: 2 | StateHash: 0x487D5804
[HEARTBEAT] SimTick: 1154 | NetHead: 1153 | Confirmed: 1150 | Missing: 4 | StateHash: 0xEC8C50DC
[HEARTBEAT] SimTick: 1192 | NetHead: 1192 | Confirmed: 1187 | Missing: 5 | StateHash: 0xEC8C50DC
[HEARTBEAT] SimTick: 1234 | NetHead: 1233 | Confirmed: 1229 | Missing: 5 | StateHash: 0x23EFA41A
[HEARTBEAT] SimTick: 1274 | NetHead: 1274 | Confirmed: 1273 | Missing: 1 | StateHash: 0xB8E1C05C
[HEARTBEAT] SimTick: 1315 | NetHead: 1315 | Confirmed: 1311 | Missing: 4 | StateHash: 0xB8E1C05C
[HEARTBEAT] SimTick: 1354 | NetHead: 1353 | Confirmed: 1351 | Missing: 3 | StateHash: 0x3FC2DDAC
[HEARTBEAT] SimTick: 1382 | NetHead: 1381 | Confirmed: 1379 | Missing: 3 | StateHash: 0x0C546466
[HEARTBEAT] SimTick: 1421 | NetHead: 1420 | Confirmed: 1418 | Missing: 3 | StateHash: 0x19C558B4
[HEARTBEAT] SimTick: 1462 | NetHead: 1462 | Confirmed: 1459 | Missing: 3 | StateHash: 0xE5E05172
[HEARTBEAT] SimTick: 1497 | NetHead: 1496 | Confirmed: 1492 | Missing: 5 | StateHash: 0x12E7D749
[HEARTBEAT] SimTick: 1534 | NetHead: 1534 | Confirmed: 1531 | Missing: 3 | StateHash: 0xA1FEDCC4
[HEARTBEAT] SimTick: 1573 | NetHead: 1573 | Confirmed: 1568 | Missing: 5 | StateHash: 0xB15DDF99
[HEARTBEAT] SimTick: 1612 | NetHead: 1612 | Confirmed: 1610 | Missing: 2 | StateHash: 0x24529801
[HEARTBEAT] SimTick: 1654 | NetHead: 1653 | Confirmed: 1650 | Missing: 4 | StateHash: 0x1F344D74
[HEARTBEAT] SimTick: 1693 | NetHead: 1692 | Confirmed: 1691 | Missing: 2 | StateHash: 0x7CAF9431
[HEARTBEAT] SimTick: 1739 | NetHead: 1738 | Confirmed: 1734 | Missing: 5 | StateHash: 0x729CDC61
[HEARTBEAT] SimTick: 1780 | NetHead: 1780 | Confirmed: 1775 | Missing: 5 | StateHash: 0x616674F4
[HEARTBEAT] SimTick: 1818 | NetHead: 1817 | Confirmed: 1813 | Missing: 5 | StateHash: 0xB57FED51
[HEARTBEAT] SimTick: 1857 | NetHead: 1857 | Confirmed: 1852 | Missing: 5 | StateHash: 0x104ACEC1
[HEARTBEAT] SimTick: 1899 | NetHead: 1898 | Confirmed: 1895 | Missing: 4 | StateHash: 0x14AF141C
[HEARTBEAT] SimTick: 1938 | NetHead: 1937 | Confirmed: 1933 | Missing: 5 | StateHash: 0x3AC2C2F9
[HEARTBEAT] SimTick: 1974 | NetHead: 1973 | Confirmed: 1972 | Missing: 2 | StateHash: 0xCA7414D1
[HEARTBEAT] SimTick: 2014 | NetHead: 2013 | Confirmed: 2010 | Missing: 4 | StateHash: 0x5DF50244
[HEARTBEAT] SimTick: 2048 | NetHead: 2047 | Confirmed: 2045 | Missing: 3 | StateHash: 0x0C66FFED
[HEARTBEAT] SimTick: 2086 | NetHead: 2085 | Confirmed: 2084 | Missing: 2 | StateHash: 0x485C8D91
[HEARTBEAT] SimTick: 2130 | NetHead: 2130 | Confirmed: 2125 | Missing: 5 | StateHash: 0xCAEA7EB4
[HEARTBEAT] SimTick: 2162 | NetHead: 2161 | Confirmed: 2158 | Missing: 4 | StateHash: 0xBB625F6D
[HEARTBEAT] SimTick: 2200 | NetHead: 2199 | Confirmed: 2196 | Missing: 4 | StateHash: 0x44AB6C6C
[HEARTBEAT] SimTick: 2236 | NetHead: 2235 | Confirmed: 2232 | Missing: 4 | StateHash: 0x36F794F4
[HEARTBEAT] SimTick: 2273 | NetHead: 2272 | Confirmed: 2270 | Missing: 3 | StateHash: 0x36F794F4
[HEARTBEAT] SimTick: 2313 | NetHead: 2312 | Confirmed: 2308 | Missing: 5 | StateHash: 0x9D7E18FC
[HEARTBEAT] SimTick: 2356 | NetHead: 2356 | Confirmed: 2351 | Missing: 5 | StateHash: 0xC8B2A644
[HEARTBEAT] SimTick: 2389 | NetHead: 2389 | Confirmed: 2384 | Missing: 5 | StateHash: 0xC8B2A644
[HEARTBEAT] SimTick: 2427 | NetHead: 2426 | Confirmed: 2423 | Missing: 4 | StateHash: 0xAF05C62A
[HEARTBEAT] SimTick: 2469 | NetHead: 2468 | Confirmed: 2465 | Missing: 4 | StateHash: 0x9BBF045E
[HEARTBEAT] SimTick: 2503 | NetHead: 2503 | Confirmed: 2502 | Missing: 1 | StateHash: 0xB420E00C
[HEARTBEAT] SimTick: 2543 | NetHead: 2542 | Confirmed: 2541 | Missing: 2 | StateHash: 0x0202C19A
[HEARTBEAT] SimTick: 2583 | NetHead: 2582 | Confirmed: 2580 | Missing: 3 | StateHash: 0x824065CE
[HEARTBEAT] SimTick: 2629 | NetHead: 2628 | Confirmed: 2625 | Missing: 4 | StateHash: 0xA3E71604
[HEARTBEAT] SimTick: 2663 | NetHead: 2663 | Confirmed: 2658 | Missing: 5 | StateHash: 0x61994E09
[HEARTBEAT] SimTick: 2698 | NetHead: 2697 | Confirmed: 2696 | Missing: 2 | StateHash: 0x2F33FD01
[HEARTBEAT] SimTick: 2734 | NetHead: 2734 | Confirmed: 2733 | Missing: 1 | StateHash: 0xC400F144
[HEARTBEAT] SimTick: 2778 | NetHead: 2777 | Confirmed: 2775 | Missing: 3 | StateHash: 0x9489ABB1
[HEARTBEAT] SimTick: 2821 | NetHead: 2821 | Confirmed: 2816 | Missing: 5 | StateHash: 0x8D4E7D79
[HEARTBEAT] SimTick: 2860 | NetHead: 2859 | Confirmed: 2856 | Missing: 4 | StateHash: 0x8A388474
[HEARTBEAT] SimTick: 2897 | NetHead: 2896 | Confirmed: 2892 | Missing: 5 | StateHash: 0xD5F538D9
[HEARTBEAT] SimTick: 2932 | NetHead: 2932 | Confirmed: 2927 | Missing: 5 | StateHash: 0x0FFAB1E9
[HEARTBEAT] SimTick: 2971 | NetHead: 2970 | Confirmed: 2967 | Missing: 4 | StateHash: 0x56BD6354
[HEARTBEAT] SimTick: 3010 | NetHead: 3009 | Confirmed: 3006 | Missing: 4 | StateHash: 0x760D660D
[HEARTBEAT] SimTick: 3053 | NetHead: 3052 | Confirmed: 3049 | Missing: 4 | StateHash: 0x69D39461
[HEARTBEAT] SimTick: 3089 | NetHead: 3088 | Confirmed: 3086 | Missing: 3 | StateHash: 0x932B549C
[HEARTBEAT] SimTick: 3132 | NetHead: 3131 | Confirmed: 3128 | Missing: 4 | StateHash: 0x83D6C3E9
[HEARTBEAT] SimTick: 3168 | NetHead: 3168 | Confirmed: 3165 | Missing: 3 | StateHash: 0x7BD879F9
[HEARTBEAT] SimTick: 3203 | NetHead: 3203 | Confirmed: 3198 | Missing: 5 | StateHash: 0x8CE6DC74
[HEARTBEAT] SimTick: 3241 | NetHead: 3241 | Confirmed: 3237 | Missing: 4 | StateHash: 0xFB97128D
[HEARTBEAT] SimTick: 3282 | NetHead: 3281 | Confirmed: 3277 | Missing: 5 | StateHash: 0xB3ECB574
[HEARTBEAT] SimTick: 3320 | NetHead: 3319 | Confirmed: 3316 | Missing: 4 | StateHash: 0xFDFB373C
[HEARTBEAT] SimTick: 3359 | NetHead: 3358 | Confirmed: 3356 | Missing: 3 | StateHash: 0xFDFB373C
[HEARTBEAT] SimTick: 3397 | NetHead: 3397 | Confirmed: 3392 | Missing: 5 | StateHash: 0x83F45A64
[HEARTBEAT] SimTick: 3435 | NetHead: 3434 | Confirmed: 3431 | Missing: 4 | StateHash: 0x771082D4
[HEARTBEAT] SimTick: 3469 | NetHead: 3468 | Confirmed: 3466 | Missing: 3 | StateHash: 0x771082D4
[HEARTBEAT] SimTick: 3507 | NetHead: 3506 | Confirmed: 3502 | Missing: 5 | StateHash: 0x7AE45B92
[HEARTBEAT] SimTick: 3544 | NetHead: 3544 | Confirmed: 3543 | Missing: 1 | StateHash: 0x29C1684E
[HEARTBEAT] SimTick: 3586 | NetHead: 3585 | Confirmed: 3583 | Missing: 3 | StateHash: 0xC286EFA4
[HEARTBEAT] SimTick: 3624 | NetHead: 3623 | Confirmed: 3619 | Missing: 5 | StateHash: 0xCC1CEFFA
[HEARTBEAT] SimTick: 3661 | NetHead: 3661 | Confirmed: 3659 | Missing: 2 | StateHash: 0x5E09063E
[HEARTBEAT] SimTick: 3705 | NetHead: 3704 | Confirmed: 3700 | Missing: 5 | StateHash: 0x6CBD9544
[HEARTBEAT] SimTick: 3748 | NetHead: 3747 | Confirmed: 3744 | Missing: 4 | StateHash: 0xD798BDFA
[HEARTBEAT] SimTick: 3788 | NetHead: 3787 | Confirmed: 3785 | Missing: 3 | StateHash: 0xF2926C2E
[HEARTBEAT] SimTick: 3825 | NetHead: 3824 | Confirmed: 3820 | Missing: 5 | StateHash: 0x5C791A24
[HEARTBEAT] SimTick: 3864 | NetHead: 3863 | Confirmed: 3859 | Missing: 5 | StateHash: 0x6B8A4DCA
[HEARTBEAT] SimTick: 3904 | NetHead: 3903 | Confirmed: 3901 | Missing: 3 | StateHash: 0x271F293E
[HEARTBEAT] SimTick: 3942 | NetHead: 3942 | Confirmed: 3939 | Missing: 3 | StateHash: 0xE7DEA974
[HEARTBEAT] SimTick: 3983 | NetHead: 3982 | Confirmed: 3979 | Missing: 4 | StateHash: 0xDCF49F31
[HEARTBEAT] SimTick: 4019 | NetHead: 4019 | Confirmed: 4017 | Missing: 2 | StateHash: 0x6AE21439
[HEARTBEAT] SimTick: 4054 | NetHead: 4053 | Confirmed: 4052 | Missing: 2 | StateHash: 0x4F90D2D4
[HEARTBEAT] SimTick: 4095 | NetHead: 4095 | Confirmed: 4091 | Missing: 4 | StateHash: 0x38916761
[HEARTBEAT] SimTick: 4137 | NetHead: 4136 | Confirmed: 4132 | Missing: 5 | StateHash: 0xD3BDF6F1
[HEARTBEAT] SimTick: 4176 | NetHead: 4175 | Confirmed: 4172 | Missing: 4 | StateHash: 0x6529F36C
[HEARTBEAT] SimTick: 4211 | NetHead: 4210 | Confirmed: 4207 | Missing: 4 | StateHash: 0xBC54A6F5
[HEARTBEAT] SimTick: 4250 | NetHead: 4250 | Confirmed: 4248 | Missing: 2 | StateHash: 0xC16465E9
[HEARTBEAT] SimTick: 4290 | NetHead: 4289 | Confirmed: 4287 | Missing: 3 | StateHash: 0x8E7C8D84
[HEARTBEAT] SimTick: 4325 | NetHead: 4325 | Confirmed: 4324 | Missing: 1 | StateHash: 0x78C73E8D
[HEARTBEAT] SimTick: 4366 | NetHead: 4365 | Confirmed: 4362 | Missing: 4 | StateHash: 0xD55FBD19
[HEARTBEAT] SimTick: 4402 | NetHead: 4401 | Confirmed: 4399 | Missing: 3 | StateHash: 0x331FF114
[HEARTBEAT] SimTick: 4442 | NetHead: 4441 | Confirmed: 4438 | Missing: 4 | StateHash: 0x9AA751CD
[HEARTBEAT] SimTick: 4479 | NetHead: 4478 | Confirmed: 4476 | Missing: 3 | StateHash: 0xD1EE9B3C
[HEARTBEAT] SimTick: 4518 | NetHead: 4518 | Confirmed: 4513 | Missing: 5 | StateHash: 0x8C499F7C
[HEARTBEAT] SimTick: 4554 | NetHead: 4553 | Confirmed: 4552 | Missing: 2 | StateHash: 0x8C499F7C
[HEARTBEAT] SimTick: 4591 | NetHead: 4591 | Confirmed: 4589 | Missing: 2 | StateHash: 0x7E339AEC
[HEARTBEAT] SimTick: 4635 | NetHead: 4634 | Confirmed: 4630 | Missing: 5 | StateHash: 0xC866539C
[HEARTBEAT] SimTick: 4678 | NetHead: 4677 | Confirmed: 4674 | Missing: 4 | StateHash: 0xC866539C
[HEARTBEAT] SimTick: 4719 | NetHead: 4719 | Confirmed: 4717 | Missing: 2 | StateHash: 0x0788C534
[HEARTBEAT] SimTick: 4765 | NetHead: 4765 | Confirmed: 4760 | Missing: 5 | StateHash: 0xBC293A84
[HEARTBEAT] SimTick: 4802 | NetHead: 4802 | Confirmed: 4797 | Missing: 5 | StateHash: 0x0AFB31DD
[HEARTBEAT] SimTick: 4838 | NetHead: 4838 | Confirmed: 4835 | Missing: 3 | StateHash: 0xD0E729DC
[HEARTBEAT] SimTick: 4879 | NetHead: 4879 | Confirmed: 4876 | Missing: 3 | StateHash: 0x50AF2794
[HEARTBEAT] SimTick: 4922 | NetHead: 4922 | Confirmed: 4917 | Missing: 5 | StateHash: 0x66D6A5DD
[HEARTBEAT] SimTick: 4961 | NetHead: 4960 | Confirmed: 4957 | Missing: 4 | StateHash: 0x9057B634
[HEARTBEAT] SimTick: 4989 | NetHead: 4989 | Confirmed: 4984 | Missing: 5 | StateHash: 0x00117E6E
[HEARTBEAT] SimTick: 5024 | NetHead: 5023 | Confirmed: 5022 | Missing: 2 | StateHash: 0x96B7880C
[HEARTBEAT] SimTick: 5061 | NetHead: 5060 | Confirmed: 5056 | Missing: 5 | StateHash: 0x7FD6BBA1
[HEARTBEAT] SimTick: 5101 | NetHead: 5100 | Confirmed: 5098 | Missing: 3 | StateHash: 0xAD9ADD91
[HEARTBEAT] SimTick: 5143 | NetHead: 5142 | Confirmed: 5139 | Missing: 4 | StateHash: 0x9D3FF1FC
[HEARTBEAT] SimTick: 5181 | NetHead: 5180 | Confirmed: 5179 | Missing: 2 | StateHash: 0x2022E84A
[HEARTBEAT] SimTick: 5218 | NetHead: 5217 | Confirmed: 5214 | Missing: 4 | StateHash: 0x31B3D799
[HEARTBEAT] SimTick: 5258 | NetHead: 5257 | Confirmed: 5254 | Missing: 4 | StateHash: 0x6D8DC6A4
[HEARTBEAT] SimTick: 5293 | NetHead: 5292 | Confirmed: 5288 | Missing: 5 | StateHash: 0x48898369
[HEARTBEAT] SimTick: 5332 | NetHead: 5331 | Confirmed: 5328 | Missing: 4 | StateHash: 0x34531E99
[HEARTBEAT] SimTick: 5369 | NetHead: 5368 | Confirmed: 5366 | Missing: 3 | StateHash: 0xB5D740AC
[HEARTBEAT] SimTick: 5409 | NetHead: 5408 | Confirmed: 5406 | Missing: 3 | StateHash: 0xB3F26465
[HEARTBEAT] SimTick: 5448 | NetHead: 5447 | Confirmed: 5446 | Missing: 2 | StateHash: 0x0546AC41
[HEARTBEAT] SimTick: 5494 | NetHead: 5493 | Confirmed: 5489 | Missing: 5 | StateHash: 0xD9F16574
[HEARTBEAT] SimTick: 5532 | NetHead: 5532 | Confirmed: 5527 | Missing: 5 | StateHash: 0x7FC85D21
[HEARTBEAT] SimTick: 5572 | NetHead: 5571 | Confirmed: 5570 | Missing: 2 | StateHash: 0x8BA242E1
[HEARTBEAT] SimTick: 5616 | NetHead: 5615 | Confirmed: 5612 | Missing: 4 | StateHash: 0x03AEBFB4
[HEARTBEAT] SimTick: 5656 | NetHead: 5656 | Confirmed: 5651 | Missing: 5 | StateHash: 0x706600E1
[HEARTBEAT] SimTick: 5693 | NetHead: 5692 | Confirmed: 5689 | Missing: 4 | StateHash: 0x69CA7E91
[HEARTBEAT] SimTick: 5731 | NetHead: 5730 | Confirmed: 5727 | Missing: 4 | StateHash: 0x9B0FE6DC
[HEARTBEAT] SimTick: 5770 | NetHead: 5770 | Confirmed: 5769 | Missing: 1 | StateHash: 0xE88E4595
[HEARTBEAT] SimTick: 5813 | NetHead: 5813 | Confirmed: 5809 | Missing: 4 | StateHash: 0xB572CF21
[HEARTBEAT] SimTick: 5855 | NetHead: 5854 | Confirmed: 5850 | Missing: 5 | StateHash: 0x02B113B4
[HEARTBEAT] SimTick: 5895 | NetHead: 5894 | Confirmed: 5891 | Missing: 4 | StateHash: 0xE39B1A41
[HEARTBEAT] SimTick: 5935 | NetHead: 5934 | Confirmed: 5931 | Missing: 4 | StateHash: 0xC8EF4F41
[HEARTBEAT] SimTick: 5973 | NetHead: 5973 | Confirmed: 5968 | Missing: 5 | StateHash: 0x4FDF9C1C
[HEARTBEAT] SimTick: 6011 | NetHead: 6010 | Confirmed: 6006 | Missing: 5 | StateHash: 0x42807005
[HEARTBEAT] SimTick: 6046 | NetHead: 6045 | Confirmed: 6042 | Missing: 4 | StateHash: 0xC21456B1
[HEARTBEAT] SimTick: 6089 | NetHead: 6088 | Confirmed: 6085 | Missing: 4 | StateHash: 0x46C52614
[HEARTBEAT] SimTick: 6129 | NetHead: 6129 | Confirmed: 6124 | Missing: 5 | StateHash: 0xD9E22EAD
[HEARTBEAT] SimTick: 6169 | NetHead: 6168 | Confirmed: 6164 | Missing: 5 | StateHash: 0x0F99B5F1
[HEARTBEAT] SimTick: 6207 | NetHead: 6207 | Confirmed: 6202 | Missing: 5 | StateHash: 0xC0B79ACC
[HEARTBEAT] SimTick: 6245 | NetHead: 6244 | Confirmed: 6242 | Missing: 3 | StateHash: 0xC8CFE3F5
[HEARTBEAT] SimTick: 6289 | NetHead: 6289 | Confirmed: 6286 | Missing: 3 | StateHash: 0x6ABDED09
[HEARTBEAT] SimTick: 6328 | NetHead: 6327 | Confirmed: 6326 | Missing: 2 | StateHash: 0x9EAEB724
[HEARTBEAT] SimTick: 6365 | NetHead: 6364 | Confirmed: 6360 | Missing: 5 | StateHash: 0x51B5F3CD
[HEARTBEAT] SimTick: 6402 | NetHead: 6402 | Confirmed: 6397 | Missing: 5 | StateHash: 0x90384711
[HEARTBEAT] SimTick: 6440 | NetHead: 6439 | Confirmed: 6438 | Missing: 2 | StateHash: 0x042B9E14
[HEARTBEAT] SimTick: 6481 | NetHead: 6480 | Confirmed: 6478 | Missing: 3 | StateHash: 0x18F246CD
[HEARTBEAT] SimTick: 6522 | NetHead: 6521 | Confirmed: 6519 | Missing: 3 | StateHash: 0xE4F9AC29
[HEARTBEAT] SimTick: 6555 | NetHead: 6554 | Confirmed: 6551 | Missing: 4 | StateHash: 0x444C2214
[HEARTBEAT] SimTick: 6589 | NetHead: 6589 | Confirmed: 6587 | Missing: 2 | StateHash: 0x444C2214
[HEARTBEAT] SimTick: 6625 | NetHead: 6625 | Confirmed: 6624 | Missing: 1 | StateHash: 0x491EA4AA
[HEARTBEAT] SimTick: 6664 | NetHead: 6663 | Confirmed: 6660 | Missing: 4 | StateHash: 0x122B2486
[HEARTBEAT] SimTick: 6704 | NetHead: 6703 | Confirmed: 6700 | Missing: 4 | StateHash: 0xB3649BBC
[HEARTBEAT] SimTick: 6745 | NetHead: 6744 | Confirmed: 6740 | Missing: 5 | StateHash: 0x37BF581A
[HEARTBEAT] SimTick: 6786 | NetHead: 6786 | Confirmed: 6781 | Missing: 5 | StateHash: 0x56AB6A6E
[HEARTBEAT] SimTick: 6822 | NetHead: 6821 | Confirmed: 6818 | Missing: 4 | StateHash: 0xBF7E8E24
[HEARTBEAT] SimTick: 6860 | NetHead: 6859 | Confirmed: 6857 | Missing: 3 | StateHash: 0xA566E6C9
[HEARTBEAT] SimTick: 6897 | NetHead: 6896 | Confirmed: 6893 | Missing: 4 | StateHash: 0xC5480D91
[HEARTBEAT] SimTick: 6935 | NetHead: 6934 | Confirmed: 6931 | Missing: 4 | StateHash: 0x2FA1C334
[HEARTBEAT] SimTick: 6964 | NetHead: 6963 | Confirmed: 6962 | Missing: 2 | StateHash: 0x8576025D
[HEARTBEAT] SimTick: 7000 | NetHead: 7000 | Confirmed: 6995 | Missing: 5 | StateHash: 0xD25288AC
[HEARTBEAT] SimTick: 7042 | NetHead: 7042 | Confirmed: 7039 | Missing: 3 | StateHash: 0x5A70EF84
[HEARTBEAT] SimTick: 7077 | NetHead: 7076 | Confirmed: 7073 | Missing: 4 | StateHash: 0x5A70EF84
[HEARTBEAT] SimTick: 7114 | NetHead: 7114 | Confirmed: 7109 | Missing: 5 | StateHash: 0x7D9416AC
[HEARTBEAT] SimTick: 7153 | NetHead: 7152 | Confirmed: 7148 | Missing: 5 | StateHash: 0xB1CA64D4
[HEARTBEAT] SimTick: 7190 | NetHead: 7189 | Confirmed: 7187 | Missing: 3 | StateHash: 0xB1CA64D4
[HEARTBEAT] SimTick: 7231 | NetHead: 7230 | Confirmed: 7229 | Missing: 2 | StateHash: 0xA815727C
[HEARTBEAT] SimTick: 7274 | NetHead: 7274 | Confirmed: 7269 | Missing: 5 | StateHash: 0x38D794CC
[HEARTBEAT] SimTick: 7307 | NetHead: 7307 | Confirmed: 7302 | Missing: 5 | StateHash: 0x38D794CC
[HEARTBEAT] SimTick: 7348 | NetHead: 7347 | Confirmed: 7346 | Missing: 2 | StateHash: 0xC367D0FA
[HEARTBEAT] SimTick: 7385 | NetHead: 7385 | Confirmed: 7383 | Missing: 2 | StateHash: 0x71EC7A06
[HEARTBEAT] SimTick: 7428 | NetHead: 7427 | Confirmed: 7423 | Missing: 5 | StateHash: 0x84FA8294
[HEARTBEAT] SimTick: 7464 | NetHead: 7463 | Confirmed: 7459 | Missing: 5 | StateHash: 0xB9CAD3A1
[HEARTBEAT] SimTick: 7502 | NetHead: 7502 | Confirmed: 7499 | Missing: 3 | StateHash: 0x0B82235E
[HEARTBEAT] SimTick: 7542 | NetHead: 7541 | Confirmed: 7539 | Missing: 3 | StateHash: 0x43CB80CC
[HEARTBEAT] SimTick: 7584 | NetHead: 7584 | Confirmed: 7582 | Missing: 2 | StateHash: 0xE790397A
[HEARTBEAT] SimTick: 7626 | NetHead: 7625 | Confirmed: 7622 | Missing: 4 | StateHash: 0x85943E5E
[HEARTBEAT] SimTick: 7665 | NetHead: 7665 | Confirmed: 7660 | Missing: 5 | StateHash: 0xE154BE8C
[HEARTBEAT] SimTick: 7704 | NetHead: 7703 | Confirmed: 7699 | Missing: 5 | StateHash: 0x0CDF6D62
[HEARTBEAT] SimTick: 7741 | NetHead: 7741 | Confirmed: 7739 | Missing: 2 | StateHash: 0xE264AFE6
[HEARTBEAT] SimTick: 7778 | NetHead: 7777 | Confirmed: 7776 | Missing: 2 | StateHash: 0xE7C3FE3C
[HEARTBEAT] SimTick: 7821 | NetHead: 7821 | Confirmed: 7819 | Missing: 2 | StateHash: 0xE2FDE8B2
[HEARTBEAT] SimTick: 7857 | NetHead: 7856 | Confirmed: 7853 | Missing: 4 | StateHash: 0xDFDBCC31
[HEARTBEAT] SimTick: 7890 | NetHead: 7890 | Confirmed: 7885 | Missing: 5 | StateHash: 0x2A006BF4
[HEARTBEAT] SimTick: 7923 | NetHead: 7922 | Confirmed: 7920 | Missing: 3 | StateHash: 0x8C00EA2D
[HEARTBEAT] SimTick: 7962 | NetHead: 7961 | Confirmed: 7957 | Missing: 5 | StateHash: 0x29180719
[HEARTBEAT] SimTick: 8007 | NetHead: 8007 | Confirmed: 8002 | Missing: 5 | StateHash: 0x6151F04C
[HEARTBEAT] SimTick: 8044 | NetHead: 8043 | Confirmed: 8042 | Missing: 2 | StateHash: 0x64048F35
[HEARTBEAT] SimTick: 8082 | NetHead: 8081 | Confirmed: 8078 | Missing: 4 | StateHash: 0xA6804F54
[HEARTBEAT] SimTick: 8113 | NetHead: 8113 | Confirmed: 8112 | Missing: 1 | StateHash: 0xCE7B5334
[HEARTBEAT] SimTick: 8148 | NetHead: 8147 | Confirmed: 8144 | Missing: 4 | StateHash: 0xCE7B5334
[HEARTBEAT] SimTick: 8184 | NetHead: 8183 | Confirmed: 8181 | Missing: 3 | StateHash: 0x8A854832
[HEARTBEAT] SimTick: 8217 | NetHead: 8216 | Confirmed: 8213 | Missing: 4 | StateHash: 0x857444D9
[HEARTBEAT] SimTick: 8254 | NetHead: 8254 | Confirmed: 8250 | Missing: 4 | StateHash: 0xE6CFE754
[HEARTBEAT] SimTick: 8288 | NetHead: 8287 | Confirmed: 8284 | Missing: 4 | StateHash: 0x45A10E1D
[HEARTBEAT] SimTick: 8324 | NetHead: 8323 | Confirmed: 8322 | Missing: 2 | StateHash: 0x9F7D7099
[HEARTBEAT] SimTick: 8366 | NetHead: 8365 | Confirmed: 8363 | Missing: 3 | StateHash: 0x95E5B3EC
[HEARTBEAT] SimTick: 8405 | NetHead: 8404 | Confirmed: 8400 | Missing: 5 | StateHash: 0xCB0CD065
[HEARTBEAT] SimTick: 8440 | NetHead: 8440 | Confirmed: 8437 | Missing: 3 | StateHash: 0x7269D2D4
[HEARTBEAT] SimTick: 8473 | NetHead: 8472 | Confirmed: 8470 | Missing: 3 | StateHash: 0xC8038DF4
[HEARTBEAT] SimTick: 8513 | NetHead: 8512 | Confirmed: 8509 | Missing: 4 | StateHash: 0xC8038DF4
[HEARTBEAT] SimTick: 8552 | NetHead: 8551 | Confirmed: 8547 | Missing: 5 | StateHash: 0x777156AA
[HEARTBEAT] SimTick: 8594 | NetHead: 8593 | Confirmed: 8591 | Missing: 3 | StateHash: 0xF4D003FC
[HEARTBEAT] SimTick: 8633 | NetHead: 8633 | Confirmed: 8628 | Missing: 5 | StateHash: 0xF4D003FC
[HEARTBEAT] SimTick: 8670 | NetHead: 8670 | Confirmed: 8665 | Missing: 5 | StateHash: 0x8F91BF72
[HEARTBEAT] SimTick: 8711 | NetHead: 8710 | Confirmed: 8707 | Missing: 4 | StateHash: 0xC9D925FE
[HEARTBEAT] SimTick: 8751 | NetHead: 8750 | Confirmed: 8748 | Missing: 3 | StateHash: 0xFE99095C
[HEARTBEAT] SimTick: 8793 | NetHead: 8792 | Confirmed: 8789 | Missing: 4 | StateHash: 0x9389CC5C
[HEARTBEAT] SimTick: 8834 | NetHead: 8834 | Confirmed: 8831 | Missing: 3 | StateHash: 0x278003CC
[HEARTBEAT] SimTick: 8875 | NetHead: 8874 | Confirmed: 8872 | Missing: 3 | StateHash: 0x278003CC
[HEARTBEAT] SimTick: 8916 | NetHead: 8915 | Confirmed: 8914 | Missing: 2 | StateHash: 0x8CF2B804
[HEARTBEAT] SimTick: 8957 | NetHead: 8956 | Confirmed: 8954 | Missing: 3 | StateHash: 0x51F6B084
[HEARTBEAT] SimTick: 8997 | NetHead: 8997 | Confirmed: 8993 | Missing: 4 | StateHash: 0x51F6B084
[HEARTBEAT] SimTick: 9036 | NetHead: 9036 | Confirmed: 9031 | Missing: 5 | StateHash: 0xF09EB694
[HEARTBEAT] SimTick: 9072 | NetHead: 9072 | Confirmed: 9068 | Missing: 4 | StateHash: 0xAD8A779E
[HEARTBEAT] SimTick: 9115 | NetHead: 9114 | Confirmed: 9111 | Missing: 4 | StateHash: 0x52A9B664
[HEARTBEAT] SimTick: 9152 | NetHead: 9152 | Confirmed: 9147 | Missing: 5 | StateHash: 0x305056FC
[HEARTBEAT] SimTick: 9195 | NetHead: 9194 | Confirmed: 9191 | Missing: 4 | StateHash: 0x580C2C7C
[HEARTBEAT] SimTick: 9236 | NetHead: 9235 | Confirmed: 9233 | Missing: 3 | StateHash: 0x580C2C7C
[HEARTBEAT] SimTick: 9277 | NetHead: 9277 | Confirmed: 9272 | Missing: 5 | StateHash: 0x3E48490C
[HEARTBEAT] SimTick: 9314 | NetHead: 9313 | Confirmed: 9311 | Missing: 3 | StateHash: 0xA7C939F4
[HEARTBEAT] SimTick: 9354 | NetHead: 9353 | Confirmed: 9349 | Missing: 5 | StateHash: 0xA7C939F4
[HEARTBEAT] SimTick: 9394 | NetHead: 9393 | Confirmed: 9390 | Missing: 4 | StateHash: 0x1099E8CC
[HEARTBEAT] SimTick: 9434 | NetHead: 9433 | Confirmed: 9430 | Missing: 4 | StateHash: 0x9C88925C
[HEARTBEAT] SimTick: 9471 | NetHead: 9470 | Confirmed: 9468 | Missing: 3 | StateHash: 0x9C88925C
[HEARTBEAT] SimTick: 9511 | NetHead: 9511 | Confirmed: 9507 | Missing: 4 | StateHash: 0xDD92447A
[HEARTBEAT] SimTick: 9550 | NetHead: 9549 | Confirmed: 9547 | Missing: 3 | StateHash: 0xE93CD5CE
[HEARTBEAT] SimTick: 9588 | NetHead: 9587 | Confirmed: 9585 | Missing: 3 | StateHash: 0xE6879904
[HEARTBEAT] SimTick: 9622 | NetHead: 9621 | Confirmed: 9619 | Missing: 3 | StateHash: 0xA59270C2
[HEARTBEAT] SimTick: 9662 | NetHead: 9661 | Confirmed: 9660 | Missing: 2 | StateHash: 0xCC0272CE
[HEARTBEAT] SimTick: 9698 | NetHead: 9697 | Confirmed: 9693 | Missing: 5 | StateHash: 0x8C2E3434
[HEARTBEAT] SimTick: 9737 | NetHead: 9737 | Confirmed: 9733 | Missing: 4 | StateHash: 0x05E0F539
[HEARTBEAT] SimTick: 9778 | NetHead: 9778 | Confirmed: 9773 | Missing: 5 | StateHash: 0x0A5922A9
[HEARTBEAT] SimTick: 9820 | NetHead: 9819 | Confirmed: 9818 | Missing: 2 | StateHash: 0x1705C4E4
[HEARTBEAT] SimTick: 9863 | NetHead: 9862 | Confirmed: 9859 | Missing: 4 | StateHash: 0xDBA20B72
[HEARTBEAT] SimTick: 9898 | NetHead: 9897 | Confirmed: 9894 | Missing: 4 | StateHash: 0xD060E489
[HEARTBEAT] SimTick: 9938 | NetHead: 9937 | Confirmed: 9933 | Missing: 5 | StateHash: 0x56F4AD5C
[HEARTBEAT] SimTick: 9978 | NetHead: 9977 | Confirmed: 9974 | Missing: 4 | StateHash: 0x88758001
[HEARTBEAT] SimTick: 10018 | NetHead: 10018 | Confirmed: 10015 | Missing: 3 | StateHash: 0x58927EC9
[HEARTBEAT] SimTick: 10052 | NetHead: 10052 | Confirmed: 10050 | Missing: 2 | StateHash: 0x3F80E15C
[HEARTBEAT] SimTick: 10093 | NetHead: 10092 | Confirmed: 10089 | Missing: 4 | StateHash: 0xA1892DA1
[HEARTBEAT] SimTick: 10127 | NetHead: 10126 | Confirmed: 10124 | Missing: 3 | StateHash: 0x4713AB29
[HEARTBEAT] SimTick: 10165 | NetHead: 10165 | Confirmed: 10163 | Missing: 2 | StateHash: 0x3E0AD2EC
[HEARTBEAT] SimTick: 10206 | NetHead: 10205 | Confirmed: 10203 | Missing: 3 | StateHash: 0x75778D95
[HEARTBEAT] SimTick: 10242 | NetHead: 10242 | Confirmed: 10238 | Missing: 4 | StateHash: 0xE38EDFD1
[HEARTBEAT] SimTick: 10277 | NetHead: 10277 | Confirmed: 10272 | Missing: 5 | StateHash: 0xE17C958C
[HEARTBEAT] SimTick: 10312 | NetHead: 10312 | Confirmed: 10307 | Missing: 5 | StateHash: 0xE17C958C
[HEARTBEAT] SimTick: 10351 | NetHead: 10350 | Confirmed: 10347 | Missing: 4 | StateHash: 0xCB26C00A
[HEARTBEAT] SimTick: 10390 | NetHead: 10390 | Confirmed: 10385 | Missing: 5 | StateHash: 0xB45C59E6
[HEARTBEAT] SimTick: 10431 | NetHead: 10431 | Confirmed: 10427 | Missing: 4 | StateHash: 0x343C36DC
[HEARTBEAT] SimTick: 10467 | NetHead: 10467 | Confirmed: 10462 | Missing: 5 | StateHash: 0xB0CEC4CA
[HEARTBEAT] SimTick: 10506 | NetHead: 10505 | Confirmed: 10502 | Missing: 4 | StateHash: 0x2B16AFC6
[HEARTBEAT] SimTick: 10548 | NetHead: 10547 | Confirmed: 10545 | Missing: 3 | StateHash: 0xDBF1A68C
[HEARTBEAT] SimTick: 10594 | NetHead: 10593 | Confirmed: 10590 | Missing: 4 | StateHash: 0xFD74A254
[HEARTBEAT] SimTick: 10629 | NetHead: 10628 | Confirmed: 10625 | Missing: 4 | StateHash: 0x5A5A0BFE
[HEARTBEAT] SimTick: 10669 | NetHead: 10668 | Confirmed: 10667 | Missing: 2 | StateHash: 0xB42BD55C
[HEARTBEAT] SimTick: 10713 | NetHead: 10712 | Confirmed: 10711 | Missing: 2 | StateHash: 0x15DAAE7C
[HEARTBEAT] SimTick: 10748 | NetHead: 10748 | Confirmed: 10747 | Missing: 1 | StateHash: 0x074DE536
[HEARTBEAT] SimTick: 10786 | NetHead: 10786 | Confirmed: 10784 | Missing: 2 | StateHash: 0x610AEDEC
[HEARTBEAT] SimTick: 10828 | NetHead: 10827 | Confirmed: 10825 | Missing: 3 | StateHash: 0xB5C55412
[HEARTBEAT] SimTick: 10868 | NetHead: 10867 | Confirmed: 10865 | Missing: 3 | StateHash: 0x27064496
[HEARTBEAT] SimTick: 10907 | NetHead: 10906 | Confirmed: 10905 | Missing: 2 | StateHash: 0x5EBDE7E4
[HEARTBEAT] SimTick: 10948 | NetHead: 10948 | Confirmed: 10945 | Missing: 3 | StateHash: 0x81D7EFA2
[HEARTBEAT] SimTick: 10984 | NetHead: 10984 | Confirmed: 10979 | Missing: 5 | StateHash: 0x5C915E16
[HEARTBEAT] SimTick: 11027 | NetHead: 11027 | Confirmed: 11022 | Missing: 5 | StateHash: 0xEE9D80D4
[HEARTBEAT] SimTick: 11067 | NetHead: 11066 | Confirmed: 11062 | Missing: 5 | StateHash: 0xA098E8EA
[HEARTBEAT] SimTick: 11105 | NetHead: 11104 | Confirmed: 11100 | Missing: 5 | StateHash: 0x63BFE43E
[HEARTBEAT] SimTick: 11138 | NetHead: 11138 | Confirmed: 11133 | Missing: 5 | StateHash: 0xBA07DCEC
[HEARTBEAT] SimTick: 11181 | NetHead: 11180 | Confirmed: 11179 | Missing: 2 | StateHash: 0xB0DBC442
[HEARTBEAT] SimTick: 11225 | NetHead: 11225 | Confirmed: 11221 | Missing: 4 | StateHash: 0x99A8C3A6
[HEARTBEAT] SimTick: 11260 | NetHead: 11259 | Confirmed: 11255 | Missing: 5 | StateHash: 0x326D023C
[HEARTBEAT] SimTick: 11297 | NetHead: 11297 | Confirmed: 11292 | Missing: 5 | StateHash: 0x7530F5A1
[HEARTBEAT] SimTick: 11332 | NetHead: 11331 | Confirmed: 11330 | Missing: 2 | StateHash: 0xA18EA809
[HEARTBEAT] SimTick: 11378 | NetHead: 11377 | Confirmed: 11374 | Missing: 4 | StateHash: 0x2AD9D514
[HEARTBEAT] SimTick: 11416 | NetHead: 11416 | Confirmed: 11411 | Missing: 5 | StateHash: 0x90BAC061
[HEARTBEAT] SimTick: 11457 | NetHead: 11457 | Confirmed: 11453 | Missing: 4 | StateHash: 0x3B944FD9
[HEARTBEAT] SimTick: 11488 | NetHead: 11488 | Confirmed: 11486 | Missing: 2 | StateHash: 0x180CE76C
[HEARTBEAT] SimTick: 11531 | NetHead: 11530 | Confirmed: 11527 | Missing: 4 | StateHash: 0x7A0E5B95
[HEARTBEAT] SimTick: 11568 | NetHead: 11568 | Confirmed: 11563 | Missing: 5 | StateHash: 0xBAE69081
[HEARTBEAT] SimTick: 11604 | NetHead: 11603 | Confirmed: 11599 | Missing: 5 | StateHash: 0x4BD68024
[HEARTBEAT] SimTick: 11645 | NetHead: 11644 | Confirmed: 11642 | Missing: 3 | StateHash: 0x775EDBCD
[HEARTBEAT] SimTick: 11684 | NetHead: 11683 | Confirmed: 11682 | Missing: 2 | StateHash: 0x0A1FB811
[HEARTBEAT] SimTick: 11726 | NetHead: 11725 | Confirmed: 11722 | Missing: 4 | StateHash: 0x99F233C4
[HEARTBEAT] SimTick: 11766 | NetHead: 11765 | Confirmed: 11763 | Missing: 3 | StateHash: 0x919CA8AD
[HEARTBEAT] SimTick: 11803 | NetHead: 11802 | Confirmed: 11801 | Missing: 2 | StateHash: 0x5FF7F319
[HEARTBEAT] SimTick: 11847 | NetHead: 11847 | Confirmed: 11844 | Missing: 3 | StateHash: 0x1674B07C
[HEARTBEAT] SimTick: 11891 | NetHead: 11891 | Confirmed: 11886 | Missing: 5 | StateHash: 0x1F1AF615
[HEARTBEAT] SimTick: 11929 | NetHead: 11928 | Confirmed: 11925 | Missing: 4 | StateHash: 0xF656C211
[HEARTBEAT] SimTick: 11967 | NetHead: 11966 | Confirmed: 11963 | Missing: 4 | StateHash: 0x11D58BAC
[HEARTBEAT] SimTick: 12004 | NetHead: 12003 | Confirmed: 12000 | Missing: 4 | StateHash: 0xAF1811C5
[HEARTBEAT] SimTick: 12047 | NetHead: 12046 | Confirmed: 12043 | Missing: 4 | StateHash: 0xC02036F9
[HEARTBEAT] SimTick: 12087 | NetHead: 12087 | Confirmed: 12086 | Missing: 1 | StateHash: 0xF868B484
[HEARTBEAT] SimTick: 12122 | NetHead: 12122 | Confirmed: 12117 | Missing: 5 | StateHash: 0x390040DD
[HEARTBEAT] SimTick: 12161 | NetHead: 12161 | Confirmed: 12156 | Missing: 5 | StateHash: 0x405CC414
[HEARTBEAT] SimTick: 12203 | NetHead: 12202 | Confirmed: 12201 | Missing: 2 | StateHash: 0x485BE134
[HEARTBEAT] SimTick: 12243 | NetHead: 12242 | Confirmed: 12240 | Missing: 3 | StateHash: 0x4A0FE17D
[HEARTBEAT] SimTick: 12284 | NetHead: 12284 | Confirmed: 12279 | Missing: 5 | StateHash: 0x32B6CA64
[HEARTBEAT] SimTick: 12318 | NetHead: 12317 | Confirmed: 12315 | Missing: 3 | StateHash: 0x8FE7695C
[HEARTBEAT] SimTick: 12358 | NetHead: 12358 | Confirmed: 12356 | Missing: 2 | StateHash: 0x8FE7695C
[HEARTBEAT] SimTick: 12397 | NetHead: 12397 | Confirmed: 12396 | Missing: 1 | StateHash: 0x5EED7D5C
[HEARTBEAT] SimTick: 12438 | NetHead: 12437 | Confirmed: 12434 | Missing: 4 | StateHash: 0x70C8C4D4
[HEARTBEAT] SimTick: 12478 | NetHead: 12477 | Confirmed: 12474 | Missing: 4 | StateHash: 0x70C8C4D4
[HEARTBEAT] SimTick: 12521 | NetHead: 12520 | Confirmed: 12516 | Missing: 5 | StateHash: 0x57C73991
[HEARTBEAT] SimTick: 12560 | NetHead: 12560 | Confirmed: 12559 | Missing: 1 | StateHash: 0x9D42C314
[HEARTBEAT] SimTick: 12603 | NetHead: 12602 | Confirmed: 12599 | Missing: 4 | StateHash: 0xEA98B92D
[HEARTBEAT] SimTick: 12645 | NetHead: 12645 | Confirmed: 12640 | Missing: 5 | StateHash: 0xFEB47199
[HEARTBEAT] SimTick: 12682 | NetHead: 12681 | Confirmed: 12680 | Missing: 2 | StateHash: 0x0968436C
[HEARTBEAT] SimTick: 12701 | NetHead: 12701 | Confirmed: 12700 | Missing: 1 | StateHash: 0x0968436C
[HEARTBEAT] SimTick: 12745 | NetHead: 12744 | Confirmed: 12741 | Missing: 4 | StateHash: 0xF4897F3A
[HEARTBEAT] SimTick: 12789 | NetHead: 12788 | Confirmed: 12786 | Missing: 3 | StateHash: 0xE17CBA26
[HEARTBEAT] SimTick: 12829 | NetHead: 12829 | Confirmed: 12825 | Missing: 4 | StateHash: 0xC16042AC
[HEARTBEAT] SimTick: 12864 | NetHead: 12864 | Confirmed: 12861 | Missing: 3 | StateHash: 0x98D687C2
[HEARTBEAT] SimTick: 12903 | NetHead: 12902 | Confirmed: 12901 | Missing: 2 | StateHash: 0x5063A6B6
[HEARTBEAT] SimTick: 12942 | NetHead: 12941 | Confirmed: 12940 | Missing: 2 | StateHash: 0x74B1E6AC
[HEARTBEAT] SimTick: 12984 | NetHead: 12983 | Confirmed: 12982 | Missing: 2 | StateHash: 0x11C5AA02
[HEARTBEAT] SimTick: 13025 | NetHead: 13024 | Confirmed: 13023 | Missing: 2 | StateHash: 0x17866456
[HEARTBEAT] SimTick: 13066 | NetHead: 13066 | Confirmed: 13065 | Missing: 1 | StateHash: 0xC037BA2C
[HEARTBEAT] SimTick: 13107 | NetHead: 13106 | Confirmed: 13103 | Missing: 4 | StateHash: 0xD251D6DA
[HEARTBEAT] SimTick: 13144 | NetHead: 13144 | Confirmed: 13140 | Missing: 4 | StateHash: 0x28E7EF4E
[HEARTBEAT] SimTick: 13183 | NetHead: 13182 | Confirmed: 13181 | Missing: 2 | StateHash: 0x068E12D4
[HEARTBEAT] SimTick: 13224 | NetHead: 13223 | Confirmed: 13221 | Missing: 3 | StateHash: 0x02066762
[HEARTBEAT] SimTick: 13265 | NetHead: 13264 | Confirmed: 13260 | Missing: 5 | StateHash: 0xF2300916
