========================================
 WEAVER ENGINE: 8-NODE DEEP HISTORY 
========================================
Enter Node ID (0-7): 
> [SYSTEM] Node 2 bound to :50002. Meshing topology...
[SYSTEM] Topology Locked. Entering FSM loop.
[HEARTBEAT] SimTick: 30 | NetHead: 29 | Confirmed: 28 | StateHash: 0x327DA38A
[HEARTBEAT] SimTick: 90 | NetHead: 89 | Confirmed: 88 | StateHash: 0xE8F5433C
[HEARTBEAT] SimTick: 150 | NetHead: 149 | Confirmed: 148 | StateHash: 0x684BEA2A
[HEARTBEAT] SimTick: 210 | NetHead: 209 | Confirmed: 208 | StateHash: 0xF6AD70AC
[HEARTBEAT] SimTick: 269 | NetHead: 268 | Confirmed: 266 | StateHash: 0x6BC4EF7A
[HEARTBEAT] SimTick: 327 | NetHead: 326 | Confirmed: 325 | StateHash: 0xC768E654
[HEARTBEAT] SimTick: 387 | NetHead: 386 | Confirmed: 384 | StateHash: 0xA9CB0012
[HEARTBEAT] SimTick: 447 | NetHead: 446 | Confirmed: 444 | StateHash: 0xD027D1F4
[HEARTBEAT] SimTick: 507 | NetHead: 506 | Confirmed: 504 | StateHash: 0x1769826A
[HEARTBEAT] SimTick: 566 | NetHead: 565 | Confirmed: 564 | StateHash: 0x1EAFEE8C
[HEARTBEAT] SimTick: 626 | NetHead: 625 | Confirmed: 623 | StateHash: 0x8BCB3452
[HEARTBEAT] SimTick: 685 | NetHead: 684 | Confirmed: 682 | StateHash: 0x03581124
[HEARTBEAT] SimTick: 744 | NetHead: 743 | Confirmed: 742 | StateHash: 0x9A28214A
[HEARTBEAT] SimTick: 804 | NetHead: 803 | Confirmed: 802 | StateHash: 0xD6FE089C
[HEARTBEAT] SimTick: 864 | NetHead: 863 | Confirmed: 860 | StateHash: 0x8B590142
