========================================
 WEAVER ENGINE: 8-NODE DEEP HISTORY 
========================================
Enter Node ID (0-7): 
> [SYSTEM] Node 3 bound to :50003. Meshing topology...
[SYSTEM] Topology Locked. Entering FSM loop.
[HEARTBEAT] SimTick: 39 | NetHead: 38 | Confirmed: 35 | Missing: 4 frames
[HEARTBEAT] SimTick: 99 | NetHead: 98 | Confirmed: 95 | Missing: 4 frames
[HEARTBEAT] SimTick: 159 | NetHead: 158 | Confirmed: 155 | Missing: 4 frames
[HEARTBEAT] SimTick: 219 | NetHead: 218 | Confirmed: 215 | Missing: 4 frames
[HEARTBEAT] SimTick: 279 | NetHead: 278 | Confirmed: 275 | Missing: 4 frames
[HEARTBEAT] SimTick: 337 | NetHead: 336 | Confirmed: 335 | Missing: 2 frames
[HEARTBEAT] SimTick: 397 | NetHead: 396 | Confirmed: 395 | Missing: 2 frames
[HEARTBEAT] SimTick: 457 | NetHead: 456 | Confirmed: 455 | Missing: 2 frames
[HEARTBEAT] SimTick: 517 | NetHead: 516 | Confirmed: 515 | Missing: 2 frames
[HEARTBEAT] SimTick: 577 | NetHead: 576 | Confirmed: 575 | Missing: 2 frames
[HEARTBEAT] SimTick: 637 | NetHead: 636 | Confirmed: 635 | Missing: 2 frames
[HEARTBEAT] SimTick: 695 | NetHead: 694 | Confirmed: 692 | Missing: 3 frames
[HEARTBEAT] SimTick: 752 | NetHead: 751 | Confirmed: 750 | Missing: 2 frames
[HEARTBEAT] SimTick: 813 | NetHead: 812 | Confirmed: 811 | Missing: 2 frames
[HEARTBEAT] SimTick: 873 | NetHead: 872 | Confirmed: 871 | Missing: 2 frames
[HEARTBEAT] SimTick: 933 | NetHead: 932 | Confirmed: 930 | Missing: 3 frames
[HEARTBEAT] SimTick: 993 | NetHead: 992 | Confirmed: 991 | Missing: 2 frames
[HEARTBEAT] SimTick: 1053 | NetHead: 1052 | Confirmed: 1051 | Missing: 2 frames
[HEARTBEAT] SimTick: 1113 | NetHead: 1112 | Confirmed: 1111 | Missing: 2 frames
[HEARTBEAT] SimTick: 1173 | NetHead: 1172 | Confirmed: 1171 | Missing: 2 frames
[HEARTBEAT] SimTick: 1233 | NetHead: 1232 | Confirmed: 1231 | Missing: 2 frames
[HEARTBEAT] SimTick: 1293 | NetHead: 1292 | Confirmed: 1291 | Missing: 2 frames
[HEARTBEAT] SimTick: 1353 | NetHead: 1352 | Confirmed: 1351 | Missing: 2 frames
[HEARTBEAT] SimTick: 1413 | NetHead: 1412 | Confirmed: 1411 | Missing: 2 frames
[HEARTBEAT] SimTick: 1473 | NetHead: 1472 | Confirmed: 1471 | Missing: 2 frames
[HEARTBEAT] SimTick: 1533 | NetHead: 1532 | Confirmed: 1530 | Missing: 3 frames
[HEARTBEAT] SimTick: 1593 | NetHead: 1592 | Confirmed: 1591 | Missing: 2 frames
[HEARTBEAT] SimTick: 1653 | NetHead: 1652 | Confirmed: 1651 | Missing: 2 frames
[HEARTBEAT] SimTick: 1713 | NetHead: 1712 | Confirmed: 1711 | Missing: 2 frames
[HEARTBEAT] SimTick: 1773 | NetHead: 1772 | Confirmed: 1771 | Missing: 2 frames
[HEARTBEAT] SimTick: 1833 | NetHead: 1832 | Confirmed: 1831 | Missing: 2 frames
[HEARTBEAT] SimTick: 1893 | NetHead: 1892 | Confirmed: 1891 | Missing: 2 frames
[HEARTBEAT] SimTick: 1953 | NetHead: 1952 | Confirmed: 1951 | Missing: 2 frames
[HEARTBEAT] SimTick: 2013 | NetHead: 2012 | Confirmed: 2011 | Missing: 2 frames
[HEARTBEAT] SimTick: 2067 | NetHead: 2066 | Confirmed: 2065 | Missing: 2 frames
[HEARTBEAT] SimTick: 2122 | NetHead: 2121 | Confirmed: 2120 | Missing: 2 frames
[HEARTBEAT] SimTick: 2182 | NetHead: 2181 | Confirmed: 2180 | Missing: 2 frames
[HEARTBEAT] SimTick: 2243 | NetHead: 2242 | Confirmed: 2240 | Missing: 3 frames
[HEARTBEAT] SimTick: 2301 | NetHead: 2300 | Confirmed: 2299 | Missing: 2 frames
[HEARTBEAT] SimTick: 2361 | NetHead: 2360 | Confirmed: 2359 | Missing: 2 frames
[HEARTBEAT] SimTick: 2420 | NetHead: 2419 | Confirmed: 2418 | Missing: 2 frames
[HEARTBEAT] SimTick: 2480 | NetHead: 2479 | Confirmed: 2478 | Missing: 2 frames
[HEARTBEAT] SimTick: 2540 | NetHead: 2539 | Confirmed: 2538 | Missing: 2 frames
[HEARTBEAT] SimTick: 2600 | NetHead: 2599 | Confirmed: 2598 | Missing: 2 frames
[HEARTBEAT] SimTick: 2660 | NetHead: 2659 | Confirmed: 2658 | Missing: 2 frames
[HEARTBEAT] SimTick: 2720 | NetHead: 2719 | Confirmed: 2718 | Missing: 2 frames
[HEARTBEAT] SimTick: 2780 | NetHead: 2779 | Confirmed: 2778 | Missing: 2 frames
[HEARTBEAT] SimTick: 2840 | NetHead: 2839 | Confirmed: 2838 | Missing: 2 frames
[HEARTBEAT] SimTick: 2900 | NetHead: 2899 | Confirmed: 2898 | Missing: 2 frames
[HEARTBEAT] SimTick: 2960 | NetHead: 2959 | Confirmed: 2958 | Missing: 2 frames
[HEARTBEAT] SimTick: 3020 | NetHead: 3019 | Confirmed: 3018 | Missing: 2 frames
[HEARTBEAT] SimTick: 3080 | NetHead: 3079 | Confirmed: 3078 | Missing: 2 frames
[HEARTBEAT] SimTick: 3140 | NetHead: 3139 | Confirmed: 3138 | Missing: 2 frames
[HEARTBEAT] SimTick: 3200 | NetHead: 3199 | Confirmed: 3198 | Missing: 2 frames
[HEARTBEAT] SimTick: 3232 | NetHead: 3231 | Confirmed: 3230 | Missing: 2 frames
[HEARTBEAT] SimTick: 3292 | NetHead: 3291 | Confirmed: 3290 | Missing: 2 frames
[HEARTBEAT] SimTick: 3352 | NetHead: 3351 | Confirmed: 3350 | Missing: 2 frames
[HEARTBEAT] SimTick: 3412 | NetHead: 3411 | Confirmed: 3410 | Missing: 2 frames
[HEARTBEAT] SimTick: 3472 | NetHead: 3471 | Confirmed: 3470 | Missing: 2 frames
[HEARTBEAT] SimTick: 3532 | NetHead: 3531 | Confirmed: 3530 | Missing: 2 frames
[HEARTBEAT] SimTick: 3592 | NetHead: 3591 | Confirmed: 3590 | Missing: 2 frames
[HEARTBEAT] SimTick: 3652 | NetHead: 3651 | Confirmed: 3650 | Missing: 2 frames
[HEARTBEAT] SimTick: 3712 | NetHead: 3711 | Confirmed: 3710 | Missing: 2 frames
[HEARTBEAT] SimTick: 3772 | NetHead: 3771 | Confirmed: 3770 | Missing: 2 frames
[HEARTBEAT] SimTick: 3832 | NetHead: 3831 | Confirmed: 3830 | Missing: 2 frames
[HEARTBEAT] SimTick: 3892 | NetHead: 3891 | Confirmed: 3890 | Missing: 2 frames
[HEARTBEAT] SimTick: 3952 | NetHead: 3951 | Confirmed: 3950 | Missing: 2 frames
[HEARTBEAT] SimTick: 4012 | NetHead: 4011 | Confirmed: 4010 | Missing: 2 frames
[HEARTBEAT] SimTick: 4072 | NetHead: 4071 | Confirmed: 4070 | Missing: 2 frames
[HEARTBEAT] SimTick: 4132 | NetHead: 4131 | Confirmed: 4130 | Missing: 2 frames
[HEARTBEAT] SimTick: 4192 | NetHead: 4191 | Confirmed: 4190 | Missing: 2 frames
[HEARTBEAT] SimTick: 4252 | NetHead: 4251 | Confirmed: 4250 | Missing: 2 frames
[HEARTBEAT] SimTick: 4313 | NetHead: 4312 | Confirmed: 4311 | Missing: 2 frames
[HEARTBEAT] SimTick: 4373 | NetHead: 4372 | Confirmed: 4371 | Missing: 2 frames
[HEARTBEAT] SimTick: 4433 | NetHead: 4432 | Confirmed: 4431 | Missing: 2 frames
[HEARTBEAT] SimTick: 4493 | NetHead: 4492 | Confirmed: 4491 | Missing: 2 frames
[HEARTBEAT] SimTick: 4553 | NetHead: 4552 | Confirmed: 4551 | Missing: 2 frames
[HEARTBEAT] SimTick: 4613 | NetHead: 4612 | Confirmed: 4611 | Missing: 2 frames
[HEARTBEAT] SimTick: 4673 | NetHead: 4672 | Confirmed: 4671 | Missing: 2 frames
[HEARTBEAT] SimTick: 4733 | NetHead: 4732 | Confirmed: 4731 | Missing: 2 frames
[HEARTBEAT] SimTick: 4793 | NetHead: 4792 | Confirmed: 4791 | Missing: 2 frames
[HEARTBEAT] SimTick: 4853 | NetHead: 4852 | Confirmed: 4851 | Missing: 2 frames
[HEARTBEAT] SimTick: 4909 | NetHead: 4908 | Confirmed: 4907 | Missing: 2 frames
[HEARTBEAT] SimTick: 4969 | NetHead: 4968 | Confirmed: 4967 | Missing: 2 frames
[HEARTBEAT] SimTick: 5029 | NetHead: 5028 | Confirmed: 5027 | Missing: 2 frames
[HEARTBEAT] SimTick: 5089 | NetHead: 5088 | Confirmed: 5087 | Missing: 2 frames
[HEARTBEAT] SimTick: 5149 | NetHead: 5148 | Confirmed: 5147 | Missing: 2 frames
[HEARTBEAT] SimTick: 5209 | NetHead: 5208 | Confirmed: 5207 | Missing: 2 frames
[HEARTBEAT] SimTick: 5269 | NetHead: 5268 | Confirmed: 5267 | Missing: 2 frames
[HEARTBEAT] SimTick: 5329 | NetHead: 5328 | Confirmed: 5327 | Missing: 2 frames
[HEARTBEAT] SimTick: 5390 | NetHead: 5389 | Confirmed: 5388 | Missing: 2 frames
[HEARTBEAT] SimTick: 5450 | NetHead: 5449 | Confirmed: 5448 | Missing: 2 frames
[HEARTBEAT] SimTick: 5506 | NetHead: 5505 | Confirmed: 5504 | Missing: 2 frames
[HEARTBEAT] SimTick: 5566 | NetHead: 5565 | Confirmed: 5564 | Missing: 2 frames
[HEARTBEAT] SimTick: 5626 | NetHead: 5625 | Confirmed: 5624 | Missing: 2 frames
[HEARTBEAT] SimTick: 5686 | NetHead: 5685 | Confirmed: 5684 | Missing: 2 frames
[HEARTBEAT] SimTick: 5746 | NetHead: 5745 | Confirmed: 5744 | Missing: 2 frames
[HEARTBEAT] SimTick: 5806 | NetHead: 5805 | Confirmed: 5804 | Missing: 2 frames
[HEARTBEAT] SimTick: 5866 | NetHead: 5865 | Confirmed: 5864 | Missing: 2 frames
[HEARTBEAT] SimTick: 5926 | NetHead: 5925 | Confirmed: 5924 | Missing: 2 frames
[HEARTBEAT] SimTick: 5986 | NetHead: 5985 | Confirmed: 5984 | Missing: 2 frames
[HEARTBEAT] SimTick: 6046 | NetHead: 6045 | Confirmed: 6044 | Missing: 2 frames
[HEARTBEAT] SimTick: 6106 | NetHead: 6105 | Confirmed: 6104 | Missing: 2 frames
[HEARTBEAT] SimTick: 6166 | NetHead: 6165 | Confirmed: 6164 | Missing: 2 frames
[HEARTBEAT] SimTick: 6226 | NetHead: 6225 | Confirmed: 6224 | Missing: 2 frames
[HEARTBEAT] SimTick: 6286 | NetHead: 6285 | Confirmed: 6284 | Missing: 2 frames
[HEARTBEAT] SimTick: 6346 | NetHead: 6345 | Confirmed: 6344 | Missing: 2 frames
[HEARTBEAT] SimTick: 6406 | NetHead: 6405 | Confirmed: 6404 | Missing: 2 frames
[HEARTBEAT] SimTick: 6466 | NetHead: 6465 | Confirmed: 6464 | Missing: 2 frames
[HEARTBEAT] SimTick: 6526 | NetHead: 6525 | Confirmed: 6524 | Missing: 2 frames
[HEARTBEAT] SimTick: 6586 | NetHead: 6585 | Confirmed: 6584 | Missing: 2 frames
[HEARTBEAT] SimTick: 6646 | NetHead: 6645 | Confirmed: 6644 | Missing: 2 frames
[HEARTBEAT] SimTick: 6706 | NetHead: 6705 | Confirmed: 6704 | Missing: 2 frames
[HEARTBEAT] SimTick: 6767 | NetHead: 6766 | Confirmed: 6765 | Missing: 2 frames
[HEARTBEAT] SimTick: 6827 | NetHead: 6826 | Confirmed: 6825 | Missing: 2 frames
[HEARTBEAT] SimTick: 6887 | NetHead: 6886 | Confirmed: 6885 | Missing: 2 frames
[HEARTBEAT] SimTick: 6947 | NetHead: 6946 | Confirmed: 6945 | Missing: 2 frames
[HEARTBEAT] SimTick: 7007 | NetHead: 7006 | Confirmed: 7005 | Missing: 2 frames
[HEARTBEAT] SimTick: 7067 | NetHead: 7066 | Confirmed: 7065 | Missing: 2 frames
[HEARTBEAT] SimTick: 7126 | NetHead: 7125 | Confirmed: 7124 | Missing: 2 frames
[HEARTBEAT] SimTick: 7183 | NetHead: 7182 | Confirmed: 7181 | Missing: 2 frames
[HEARTBEAT] SimTick: 7243 | NetHead: 7242 | Confirmed: 7241 | Missing: 2 frames
[HEARTBEAT] SimTick: 7303 | NetHead: 7302 | Confirmed: 7301 | Missing: 2 frames
[HEARTBEAT] SimTick: 7363 | NetHead: 7362 | Confirmed: 7361 | Missing: 2 frames
[HEARTBEAT] SimTick: 7423 | NetHead: 7422 | Confirmed: 7421 | Missing: 2 frames
[HEARTBEAT] SimTick: 7483 | NetHead: 7482 | Confirmed: 7480 | Missing: 3 frames
[HEARTBEAT] SimTick: 7543 | NetHead: 7542 | Confirmed: 7540 | Missing: 3 frames
[HEARTBEAT] SimTick: 7604 | NetHead: 7603 | Confirmed: 7602 | Missing: 2 frames
[HEARTBEAT] SimTick: 7644 | NetHead: 7643 | Confirmed: 7642 | Missing: 2 frames
[HEARTBEAT] SimTick: 7704 | NetHead: 7703 | Confirmed: 7702 | Missing: 2 frames
[HEARTBEAT] SimTick: 7764 | NetHead: 7763 | Confirmed: 7762 | Missing: 2 frames
[HEARTBEAT] SimTick: 7824 | NetHead: 7823 | Confirmed: 7822 | Missing: 2 frames
[HEARTBEAT] SimTick: 7885 | NetHead: 7884 | Confirmed: 7883 | Missing: 2 frames
[HEARTBEAT] SimTick: 7945 | NetHead: 7944 | Confirmed: 7943 | Missing: 2 frames
[HEARTBEAT] SimTick: 8006 | NetHead: 8005 | Confirmed: 8003 | Missing: 3 frames
[HEARTBEAT] SimTick: 8068 | NetHead: 8068 | Confirmed: 8067 | Missing: 1 frames
[HEARTBEAT] SimTick: 8115 | NetHead: 8114 | Confirmed: 8112 | Missing: 3 frames
[HEARTBEAT] SimTick: 8160 | NetHead: 8159 | Confirmed: 8158 | Missing: 2 frames
[HEARTBEAT] SimTick: 8220 | NetHead: 8219 | Confirmed: 8218 | Missing: 2 frames
[HEARTBEAT] SimTick: 8280 | NetHead: 8279 | Confirmed: 8278 | Missing: 2 frames
[HEARTBEAT] SimTick: 8342 | NetHead: 8341 | Confirmed: 8338 | Missing: 4 frames
[HEARTBEAT] SimTick: 8390 | NetHead: 8389 | Confirmed: 8388 | Missing: 2 frames
[HEARTBEAT] SimTick: 8450 | NetHead: 8449 | Confirmed: 8448 | Missing: 2 frames
[HEARTBEAT] SimTick: 8510 | NetHead: 8509 | Confirmed: 8508 | Missing: 2 frames
[HEARTBEAT] SimTick: 8570 | NetHead: 8569 | Confirmed: 8568 | Missing: 2 frames
[HEARTBEAT] SimTick: 8630 | NetHead: 8629 | Confirmed: 8628 | Missing: 2 frames
[HEARTBEAT] SimTick: 8690 | NetHead: 8689 | Confirmed: 8688 | Missing: 2 frames
[HEARTBEAT] SimTick: 8750 | NetHead: 8749 | Confirmed: 8748 | Missing: 2 frames
[HEARTBEAT] SimTick: 8810 | NetHead: 8809 | Confirmed: 8808 | Missing: 2 frames
[HEARTBEAT] SimTick: 8870 | NetHead: 8869 | Confirmed: 8868 | Missing: 2 frames
[HEARTBEAT] SimTick: 8930 | NetHead: 8929 | Confirmed: 8928 | Missing: 2 frames
[HEARTBEAT] SimTick: 8990 | NetHead: 8989 | Confirmed: 8988 | Missing: 2 frames
[HEARTBEAT] SimTick: 9050 | NetHead: 9049 | Confirmed: 9048 | Missing: 2 frames
[HEARTBEAT] SimTick: 9110 | NetHead: 9109 | Confirmed: 9108 | Missing: 2 frames
[HEARTBEAT] SimTick: 9163 | NetHead: 9162 | Confirmed: 9161 | Missing: 2 frames
[HEARTBEAT] SimTick: 9224 | NetHead: 9223 | Confirmed: 9222 | Missing: 2 frames
[HEARTBEAT] SimTick: 9282 | NetHead: 9281 | Confirmed: 9280 | Missing: 2 frames
[HEARTBEAT] SimTick: 9342 | NetHead: 9341 | Confirmed: 9340 | Missing: 2 frames
[HEARTBEAT] SimTick: 9402 | NetHead: 9401 | Confirmed: 9400 | Missing: 2 frames
[HEARTBEAT] SimTick: 9462 | NetHead: 9461 | Confirmed: 9460 | Missing: 2 frames
[HEARTBEAT] SimTick: 9522 | NetHead: 9521 | Confirmed: 9520 | Missing: 2 frames
[HEARTBEAT] SimTick: 9578 | NetHead: 9578 | Confirmed: 9577 | Missing: 1 frames
[HEARTBEAT] SimTick: 9638 | NetHead: 9637 | Confirmed: 9636 | Missing: 2 frames
[HEARTBEAT] SimTick: 9698 | NetHead: 9697 | Confirmed: 9696 | Missing: 2 frames
[HEARTBEAT] SimTick: 9758 | NetHead: 9757 | Confirmed: 9756 | Missing: 2 frames
[HEARTBEAT] SimTick: 9814 | NetHead: 9813 | Confirmed: 9812 | Missing: 2 frames
[HEARTBEAT] SimTick: 9873 | NetHead: 9872 | Confirmed: 9870 | Missing: 3 frames
[HEARTBEAT] SimTick: 9933 | NetHead: 9932 | Confirmed: 9930 | Missing: 3 frames
[HEARTBEAT] SimTick: 9993 | NetHead: 9992 | Confirmed: 9990 | Missing: 3 frames
[HEARTBEAT] SimTick: 10053 | NetHead: 10052 | Confirmed: 10050 | Missing: 3 frames
[HEARTBEAT] SimTick: 10113 | NetHead: 10112 | Confirmed: 10110 | Missing: 3 frames
[HEARTBEAT] SimTick: 10173 | NetHead: 10172 | Confirmed: 10170 | Missing: 3 frames
[HEARTBEAT] SimTick: 10233 | NetHead: 10232 | Confirmed: 10230 | Missing: 3 frames
[HEARTBEAT] SimTick: 10293 | NetHead: 10292 | Confirmed: 10291 | Missing: 2 frames
[HEARTBEAT] SimTick: 10353 | NetHead: 10352 | Confirmed: 10351 | Missing: 2 frames
[HEARTBEAT] SimTick: 10406 | NetHead: 10405 | Confirmed: 10403 | Missing: 3 frames
[HEARTBEAT] SimTick: 10465 | NetHead: 10464 | Confirmed: 10463 | Missing: 2 frames
[HEARTBEAT] SimTick: 10521 | NetHead: 10520 | Confirmed: 10519 | Missing: 2 frames
[HEARTBEAT] SimTick: 10579 | NetHead: 10578 | Confirmed: 10577 | Missing: 2 frames
[HEARTBEAT] SimTick: 10639 | NetHead: 10638 | Confirmed: 10637 | Missing: 2 frames
[HEARTBEAT] SimTick: 10684 | NetHead: 10683 | Confirmed: 10682 | Missing: 2 frames
[HEARTBEAT] SimTick: 10743 | NetHead: 10742 | Confirmed: 10741 | Missing: 2 frames
[HEARTBEAT] SimTick: 10803 | NetHead: 10802 | Confirmed: 10801 | Missing: 2 frames
[HEARTBEAT] SimTick: 10863 | NetHead: 10862 | Confirmed: 10861 | Missing: 2 frames
[HEARTBEAT] SimTick: 10923 | NetHead: 10922 | Confirmed: 10921 | Missing: 2 frames
[HEARTBEAT] SimTick: 10983 | NetHead: 10982 | Confirmed: 10981 | Missing: 2 frames
[HEARTBEAT] SimTick: 11043 | NetHead: 11042 | Confirmed: 11041 | Missing: 2 frames
[HEARTBEAT] SimTick: 11103 | NetHead: 11102 | Confirmed: 11101 | Missing: 2 frames
[HEARTBEAT] SimTick: 11162 | NetHead: 11161 | Confirmed: 11160 | Missing: 2 frames
[HEARTBEAT] SimTick: 11222 | NetHead: 11221 | Confirmed: 11220 | Missing: 2 frames
[HEARTBEAT] SimTick: 11282 | NetHead: 11281 | Confirmed: 11280 | Missing: 2 frames
[HEARTBEAT] SimTick: 11343 | NetHead: 11342 | Confirmed: 11341 | Missing: 2 frames
[HEARTBEAT] SimTick: 11403 | NetHead: 11402 | Confirmed: 11401 | Missing: 2 frames
[HEARTBEAT] SimTick: 11463 | NetHead: 11462 | Confirmed: 11461 | Missing: 2 frames
[HEARTBEAT] SimTick: 11523 | NetHead: 11522 | Confirmed: 11521 | Missing: 2 frames
[HEARTBEAT] SimTick: 11583 | NetHead: 11582 | Confirmed: 11581 | Missing: 2 frames
[HEARTBEAT] SimTick: 11643 | NetHead: 11642 | Confirmed: 11641 | Missing: 2 frames
[HEARTBEAT] SimTick: 11703 | NetHead: 11702 | Confirmed: 11701 | Missing: 2 frames
[HEARTBEAT] SimTick: 11763 | NetHead: 11762 | Confirmed: 11761 | Missing: 2 frames
[HEARTBEAT] SimTick: 11823 | NetHead: 11822 | Confirmed: 11821 | Missing: 2 frames
[HEARTBEAT] SimTick: 11883 | NetHead: 11882 | Confirmed: 11881 | Missing: 2 frames
[HEARTBEAT] SimTick: 11943 | NetHead: 11942 | Confirmed: 11941 | Missing: 2 frames
[HEARTBEAT] SimTick: 12003 | NetHead: 12002 | Confirmed: 12001 | Missing: 2 frames
[HEARTBEAT] SimTick: 12064 | NetHead: 12063 | Confirmed: 12062 | Missing: 2 frames
[HEARTBEAT] SimTick: 12124 | NetHead: 12123 | Confirmed: 12122 | Missing: 2 frames
[HEARTBEAT] SimTick: 12184 | NetHead: 12183 | Confirmed: 12182 | Missing: 2 frames
[HEARTBEAT] SimTick: 12244 | NetHead: 12243 | Confirmed: 12242 | Missing: 2 frames
[HEARTBEAT] SimTick: 12304 | NetHead: 12303 | Confirmed: 12302 | Missing: 2 frames
[HEARTBEAT] SimTick: 12357 | NetHead: 12356 | Confirmed: 12355 | Missing: 2 frames
[HEARTBEAT] SimTick: 12417 | NetHead: 12416 | Confirmed: 12415 | Missing: 2 frames
[HEARTBEAT] SimTick: 12477 | NetHead: 12476 | Confirmed: 12475 | Missing: 2 frames
[HEARTBEAT] SimTick: 12537 | NetHead: 12536 | Confirmed: 12535 | Missing: 2 frames
[HEARTBEAT] SimTick: 12597 | NetHead: 12596 | Confirmed: 12595 | Missing: 2 frames
[HEARTBEAT] SimTick: 12657 | NetHead: 12656 | Confirmed: 12655 | Missing: 2 frames
[HEARTBEAT] SimTick: 12717 | NetHead: 12716 | Confirmed: 12715 | Missing: 2 frames
[HEARTBEAT] SimTick: 12777 | NetHead: 12776 | Confirmed: 12775 | Missing: 2 frames
[HEARTBEAT] SimTick: 12837 | NetHead: 12836 | Confirmed: 12835 | Missing: 2 frames
[HEARTBEAT] SimTick: 12899 | NetHead: 12899 | Confirmed: 12898 | Missing: 1 frames
[HEARTBEAT] SimTick: 12956 | NetHead: 12955 | Confirmed: 12953 | Missing: 3 frames
[HEARTBEAT] SimTick: 13016 | NetHead: 13015 | Confirmed: 13013 | Missing: 3 frames
[HEARTBEAT] SimTick: 13059 | NetHead: 13058 | Confirmed: 13056 | Missing: 3 frames
[HEARTBEAT] SimTick: 13119 | NetHead: 13118 | Confirmed: 13116 | Missing: 3 frames
[HEARTBEAT] SimTick: 13179 | NetHead: 13178 | Confirmed: 13176 | Missing: 3 frames
[HEARTBEAT] SimTick: 13239 | NetHead: 13238 | Confirmed: 13236 | Missing: 3 frames
[HEARTBEAT] SimTick: 13300 | NetHead: 13299 | Confirmed: 13297 | Missing: 3 frames
[HEARTBEAT] SimTick: 13360 | NetHead: 13359 | Confirmed: 13357 | Missing: 3 frames
[HEARTBEAT] SimTick: 13420 | NetHead: 13419 | Confirmed: 13417 | Missing: 3 frames
[HEARTBEAT] SimTick: 13480 | NetHead: 13479 | Confirmed: 13477 | Missing: 3 frames
[HEARTBEAT] SimTick: 13539 | NetHead: 13538 | Confirmed: 13537 | Missing: 2 frames
[HEARTBEAT] SimTick: 13599 | NetHead: 13598 | Confirmed: 13597 | Missing: 2 frames
[HEARTBEAT] SimTick: 13650 | NetHead: 13650 | Confirmed: 13645 | Missing: 5 frames
[HEARTBEAT] SimTick: 13694 | NetHead: 13693 | Confirmed: 13691 | Missing: 3 frames
[HEARTBEAT] SimTick: 13754 | NetHead: 13753 | Confirmed: 13751 | Missing: 3 frames
[HEARTBEAT] SimTick: 13814 | NetHead: 13813 | Confirmed: 13811 | Missing: 3 frames
[HEARTBEAT] SimTick: 13874 | NetHead: 13873 | Confirmed: 13871 | Missing: 3 frames
[HEARTBEAT] SimTick: 13934 | NetHead: 13933 | Confirmed: 13931 | Missing: 3 frames
[HEARTBEAT] SimTick: 13994 | NetHead: 13993 | Confirmed: 13991 | Missing: 3 frames
[HEARTBEAT] SimTick: 14038 | NetHead: 14037 | Confirmed: 14036 | Missing: 2 frames
[HEARTBEAT] SimTick: 14098 | NetHead: 14097 | Confirmed: 14096 | Missing: 2 frames
[HEARTBEAT] SimTick: 14158 | NetHead: 14157 | Confirmed: 14156 | Missing: 2 frames
[HEARTBEAT] SimTick: 14218 | NetHead: 14217 | Confirmed: 14216 | Missing: 2 frames
[HEARTBEAT] SimTick: 14278 | NetHead: 14277 | Confirmed: 14276 | Missing: 2 frames
[HEARTBEAT] SimTick: 14338 | NetHead: 14337 | Confirmed: 14336 | Missing: 2 frames
[HEARTBEAT] SimTick: 14399 | NetHead: 14398 | Confirmed: 14397 | Missing: 2 frames
[HEARTBEAT] SimTick: 14459 | NetHead: 14458 | Confirmed: 14457 | Missing: 2 frames
[HEARTBEAT] SimTick: 14519 | NetHead: 14518 | Confirmed: 14517 | Missing: 2 frames
[HEARTBEAT] SimTick: 14579 | NetHead: 14578 | Confirmed: 14577 | Missing: 2 frames
[HEARTBEAT] SimTick: 14639 | NetHead: 14638 | Confirmed: 14637 | Missing: 2 frames
[HEARTBEAT] SimTick: 14699 | NetHead: 14698 | Confirmed: 14697 | Missing: 2 frames
[HEARTBEAT] SimTick: 14759 | NetHead: 14758 | Confirmed: 14757 | Missing: 2 frames
[HEARTBEAT] SimTick: 14819 | NetHead: 14818 | Confirmed: 14817 | Missing: 2 frames
[HEARTBEAT] SimTick: 14879 | NetHead: 14878 | Confirmed: 14877 | Missing: 2 frames
[HEARTBEAT] SimTick: 14939 | NetHead: 14938 | Confirmed: 14937 | Missing: 2 frames
[HEARTBEAT] SimTick: 14999 | NetHead: 14998 | Confirmed: 14997 | Missing: 2 frames
[HEARTBEAT] SimTick: 15059 | NetHead: 15058 | Confirmed: 15057 | Missing: 2 frames
[HEARTBEAT] SimTick: 15119 | NetHead: 15118 | Confirmed: 15117 | Missing: 2 frames
[HEARTBEAT] SimTick: 15179 | NetHead: 15178 | Confirmed: 15177 | Missing: 2 frames
[HEARTBEAT] SimTick: 15239 | NetHead: 15238 | Confirmed: 15237 | Missing: 2 frames
[HEARTBEAT] SimTick: 15299 | NetHead: 15298 | Confirmed: 15297 | Missing: 2 frames
[HEARTBEAT] SimTick: 15359 | NetHead: 15358 | Confirmed: 15357 | Missing: 2 frames
[HEARTBEAT] SimTick: 15420 | NetHead: 15419 | Confirmed: 15418 | Missing: 2 frames
[HEARTBEAT] SimTick: 15480 | NetHead: 15479 | Confirmed: 15478 | Missing: 2 frames
[HEARTBEAT] SimTick: 15540 | NetHead: 15539 | Confirmed: 15538 | Missing: 2 frames
[HEARTBEAT] SimTick: 15600 | NetHead: 15599 | Confirmed: 15598 | Missing: 2 frames
[HEARTBEAT] SimTick: 15660 | NetHead: 15659 | Confirmed: 15658 | Missing: 2 frames
[HEARTBEAT] SimTick: 15720 | NetHead: 15719 | Confirmed: 15718 | Missing: 2 frames
[HEARTBEAT] SimTick: 15780 | NetHead: 15779 | Confirmed: 15778 | Missing: 2 frames
[HEARTBEAT] SimTick: 15840 | NetHead: 15839 | Confirmed: 15838 | Missing: 2 frames
[HEARTBEAT] SimTick: 15900 | NetHead: 15899 | Confirmed: 15898 | Missing: 2 frames
[HEARTBEAT] SimTick: 15960 | NetHead: 15959 | Confirmed: 15958 | Missing: 2 frames
[HEARTBEAT] SimTick: 16021 | NetHead: 16020 | Confirmed: 16019 | Missing: 2 frames
[HEARTBEAT] SimTick: 16081 | NetHead: 16080 | Confirmed: 16079 | Missing: 2 frames
[HEARTBEAT] SimTick: 16141 | NetHead: 16140 | Confirmed: 16139 | Missing: 2 frames
[HEARTBEAT] SimTick: 16201 | NetHead: 16200 | Confirmed: 16199 | Missing: 2 frames
[HEARTBEAT] SimTick: 16261 | NetHead: 16260 | Confirmed: 16259 | Missing: 2 frames
[HEARTBEAT] SimTick: 16321 | NetHead: 16320 | Confirmed: 16319 | Missing: 2 frames
[HEARTBEAT] SimTick: 16381 | NetHead: 16380 | Confirmed: 16379 | Missing: 2 frames
[HEARTBEAT] SimTick: 16441 | NetHead: 16440 | Confirmed: 16439 | Missing: 2 frames
[HEARTBEAT] SimTick: 16501 | NetHead: 16500 | Confirmed: 16499 | Missing: 2 frames
[HEARTBEAT] SimTick: 16561 | NetHead: 16560 | Confirmed: 16559 | Missing: 2 frames
[HEARTBEAT] SimTick: 16621 | NetHead: 16620 | Confirmed: 16619 | Missing: 2 frames
[HEARTBEAT] SimTick: 16681 | NetHead: 16680 | Confirmed: 16679 | Missing: 2 frames
[HEARTBEAT] SimTick: 16741 | NetHead: 16740 | Confirmed: 16739 | Missing: 2 frames
[HEARTBEAT] SimTick: 16801 | NetHead: 16800 | Confirmed: 16799 | Missing: 2 frames
[HEARTBEAT] SimTick: 16861 | NetHead: 16860 | Confirmed: 16859 | Missing: 2 frames
[HEARTBEAT] SimTick: 16921 | NetHead: 16920 | Confirmed: 16918 | Missing: 3 frames
[HEARTBEAT] SimTick: 16981 | NetHead: 16980 | Confirmed: 16979 | Missing: 2 frames
[HEARTBEAT] SimTick: 17038 | NetHead: 17037 | Confirmed: 17034 | Missing: 4 frames
[HEARTBEAT] SimTick: 17098 | NetHead: 17097 | Confirmed: 17094 | Missing: 4 frames
[HEARTBEAT] SimTick: 17158 | NetHead: 17157 | Confirmed: 17154 | Missing: 4 frames
[HEARTBEAT] SimTick: 17218 | NetHead: 17217 | Confirmed: 17214 | Missing: 4 frames
[HEARTBEAT] SimTick: 17278 | NetHead: 17277 | Confirmed: 17274 | Missing: 4 frames
[HEARTBEAT] SimTick: 17338 | NetHead: 17337 | Confirmed: 17334 | Missing: 4 frames
[HEARTBEAT] SimTick: 17398 | NetHead: 17397 | Confirmed: 17394 | Missing: 4 frames
[HEARTBEAT] SimTick: 17458 | NetHead: 17457 | Confirmed: 17454 | Missing: 4 frames
[HEARTBEAT] SimTick: 17518 | NetHead: 17517 | Confirmed: 17514 | Missing: 4 frames
[HEARTBEAT] SimTick: 17578 | NetHead: 17577 | Confirmed: 17574 | Missing: 4 frames
[HEARTBEAT] SimTick: 17638 | NetHead: 17637 | Confirmed: 17634 | Missing: 4 frames
[HEARTBEAT] SimTick: 17698 | NetHead: 17697 | Confirmed: 17694 | Missing: 4 frames
[HEARTBEAT] SimTick: 17758 | NetHead: 17757 | Confirmed: 17754 | Missing: 4 frames
[HEARTBEAT] SimTick: 17818 | NetHead: 17817 | Confirmed: 17814 | Missing: 4 frames
[HEARTBEAT] SimTick: 17878 | NetHead: 17877 | Confirmed: 17874 | Missing: 4 frames
[HEARTBEAT] SimTick: 17938 | NetHead: 17937 | Confirmed: 17934 | Missing: 4 frames
[HEARTBEAT] SimTick: 17998 | NetHead: 17997 | Confirmed: 17994 | Missing: 4 frames
[HEARTBEAT] SimTick: 18058 | NetHead: 18057 | Confirmed: 18054 | Missing: 4 frames
[HEARTBEAT] SimTick: 18119 | NetHead: 18118 | Confirmed: 18115 | Missing: 4 frames
[HEARTBEAT] SimTick: 18179 | NetHead: 18178 | Confirmed: 18175 | Missing: 4 frames
[HEARTBEAT] SimTick: 18239 | NetHead: 18238 | Confirmed: 18235 | Missing: 4 frames
[HEARTBEAT] SimTick: 18299 | NetHead: 18298 | Confirmed: 18295 | Missing: 4 frames
[HEARTBEAT] SimTick: 18359 | NetHead: 18358 | Confirmed: 18355 | Missing: 4 frames
[HEARTBEAT] SimTick: 18419 | NetHead: 18418 | Confirmed: 18415 | Missing: 4 frames
[HEARTBEAT] SimTick: 18479 | NetHead: 18478 | Confirmed: 18475 | Missing: 4 frames
[HEARTBEAT] SimTick: 18539 | NetHead: 18538 | Confirmed: 18535 | Missing: 4 frames
[HEARTBEAT] SimTick: 18599 | NetHead: 18598 | Confirmed: 18595 | Missing: 4 frames
[HEARTBEAT] SimTick: 18658 | NetHead: 18657 | Confirmed: 18655 | Missing: 3 frames
[HEARTBEAT] SimTick: 18718 | NetHead: 18717 | Confirmed: 18715 | Missing: 3 frames
[HEARTBEAT] SimTick: 18779 | NetHead: 18778 | Confirmed: 18776 | Missing: 3 frames
[HEARTBEAT] SimTick: 18839 | NetHead: 18838 | Confirmed: 18836 | Missing: 3 frames
[HEARTBEAT] SimTick: 18899 | NetHead: 18898 | Confirmed: 18896 | Missing: 3 frames
[HEARTBEAT] SimTick: 18960 | NetHead: 18959 | Confirmed: 18956 | Missing: 4 frames
[HEARTBEAT] SimTick: 19000 | NetHead: 19000 | Confirmed: 18995 | Missing: 5 frames
[HEARTBEAT] SimTick: 19056 | NetHead: 19055 | Confirmed: 19053 | Missing: 3 frames
[HEARTBEAT] SimTick: 19116 | NetHead: 19115 | Confirmed: 19113 | Missing: 3 frames
[HEARTBEAT] SimTick: 19176 | NetHead: 19175 | Confirmed: 19173 | Missing: 3 frames
[HEARTBEAT] SimTick: 19236 | NetHead: 19235 | Confirmed: 19233 | Missing: 3 frames
[HEARTBEAT] SimTick: 19296 | NetHead: 19295 | Confirmed: 19293 | Missing: 3 frames
[HEARTBEAT] SimTick: 19356 | NetHead: 19355 | Confirmed: 19353 | Missing: 3 frames
[HEARTBEAT] SimTick: 19416 | NetHead: 19415 | Confirmed: 19413 | Missing: 3 frames
[HEARTBEAT] SimTick: 19475 | NetHead: 19474 | Confirmed: 19473 | Missing: 2 frames
[HEARTBEAT] SimTick: 19535 | NetHead: 19534 | Confirmed: 19533 | Missing: 2 frames
[HEARTBEAT] SimTick: 19595 | NetHead: 19594 | Confirmed: 19593 | Missing: 2 frames
[HEARTBEAT] SimTick: 19655 | NetHead: 19654 | Confirmed: 19653 | Missing: 2 frames
[HEARTBEAT] SimTick: 19715 | NetHead: 19714 | Confirmed: 19713 | Missing: 2 frames
[HEARTBEAT] SimTick: 19775 | NetHead: 19774 | Confirmed: 19773 | Missing: 2 frames
[HEARTBEAT] SimTick: 19835 | NetHead: 19834 | Confirmed: 19833 | Missing: 2 frames
[HEARTBEAT] SimTick: 19895 | NetHead: 19894 | Confirmed: 19893 | Missing: 2 frames
[HEARTBEAT] SimTick: 19956 | NetHead: 19955 | Confirmed: 19954 | Missing: 2 frames
[HEARTBEAT] SimTick: 20016 | NetHead: 20015 | Confirmed: 20014 | Missing: 2 frames
[HEARTBEAT] SimTick: 20076 | NetHead: 20075 | Confirmed: 20074 | Missing: 2 frames
[HEARTBEAT] SimTick: 20136 | NetHead: 20135 | Confirmed: 20134 | Missing: 2 frames
[HEARTBEAT] SimTick: 20196 | NetHead: 20195 | Confirmed: 20194 | Missing: 2 frames
[HEARTBEAT] SimTick: 20256 | NetHead: 20255 | Confirmed: 20254 | Missing: 2 frames
[HEARTBEAT] SimTick: 20316 | NetHead: 20315 | Confirmed: 20314 | Missing: 2 frames
[HEARTBEAT] SimTick: 20376 | NetHead: 20375 | Confirmed: 20374 | Missing: 2 frames
[HEARTBEAT] SimTick: 20436 | NetHead: 20435 | Confirmed: 20434 | Missing: 2 frames
[HEARTBEAT] SimTick: 20496 | NetHead: 20495 | Confirmed: 20494 | Missing: 2 frames
[HEARTBEAT] SimTick: 20556 | NetHead: 20555 | Confirmed: 20554 | Missing: 2 frames
[HEARTBEAT] SimTick: 20616 | NetHead: 20615 | Confirmed: 20614 | Missing: 2 frames
[HEARTBEAT] SimTick: 20676 | NetHead: 20675 | Confirmed: 20674 | Missing: 2 frames
[HEARTBEAT] SimTick: 20736 | NetHead: 20735 | Confirmed: 20734 | Missing: 2 frames
[HEARTBEAT] SimTick: 20796 | NetHead: 20795 | Confirmed: 20794 | Missing: 2 frames
[HEARTBEAT] SimTick: 20856 | NetHead: 20855 | Confirmed: 20854 | Missing: 2 frames
[HEARTBEAT] SimTick: 20911 | NetHead: 20910 | Confirmed: 20908 | Missing: 3 frames
[HEARTBEAT] SimTick: 20971 | NetHead: 20970 | Confirmed: 20968 | Missing: 3 frames
[HEARTBEAT] SimTick: 21031 | NetHead: 21030 | Confirmed: 21028 | Missing: 3 frames
luajit: ./lua/fsm_core.lua:40: interrupted!
stack traceback:
	./lua/fsm_core.lua:40: in function 'tick_playing_state'
	main.lua:124: in main chunk
	[C]: at 0x560a6537ae00
