========================================
 WEAVER ENGINE: 8-NODE DEEP HISTORY 
========================================
Enter Node ID (0-7): 
> [SYSTEM] Node 6 bound to :50006. Meshing topology...
[SYSTEM] Topology Locked. Entering FSM loop.
[HEARTBEAT] SimTick: 9 | NetHead: 8 | Confirmed: 7 | Missing: 2 | StateHash: 0xA7039DC5
[HEARTBEAT] SimTick: 12 | NetHead: 12 | Confirmed: 7 | Missing: 5 | StateHash: 0x4BA5AA91
[HEARTBEAT] SimTick: 23 | NetHead: 23 | Confirmed: 18 | Missing: 5 | StateHash: 0x4BA5AA91
[HEARTBEAT] SimTick: 25 | NetHead: 25 | Confirmed: 20 | Missing: 5 | StateHash: 0x793CFA12
[HEARTBEAT] SimTick: 35 | NetHead: 34 | Confirmed: 31 | Missing: 4 | StateHash: 0x71CCD8D4
[HEARTBEAT] SimTick: 42 | NetHead: 42 | Confirmed: 37 | Missing: 5 | StateHash: 0x71CCD8D4
[HEARTBEAT] SimTick: 48 | NetHead: 48 | Confirmed: 43 | Missing: 5 | StateHash: 0x7C0F4A89
[HEARTBEAT] SimTick: 48 | NetHead: 48 | Confirmed: 43 | Missing: 5 | StateHash: 0x7C0F4A89
luajit: ./lua/net_pump.lua:131: interrupted!
stack traceback:
	./lua/net_pump.lua:131: in function 'intercept_network'
	./lua/fsm_core.lua:48: in function 'tick_playing_state'
	main.lua:124: in main chunk
	[C]: at 0x5592a805fe00
