========================================
 WEAVER ENGINE: 8-NODE DEEP HISTORY 
========================================
Enter Node ID (0-7): 
> [SYSTEM] Node 7 bound to :50007. Meshing topology...
[SYSTEM] Topology Locked. Entering FSM loop.
[HEARTBEAT] SimTick: 43 | NetHead: 43 | Confirmed: 38 | Missing: 5 | StateHash: 0x40B16D01
[HEARTBEAT] SimTick: 79 | NetHead: 78 | Confirmed: 77 | Missing: 2 | StateHash: 0xB2D13734
[HEARTBEAT] SimTick: 121 | NetHead: 121 | Confirmed: 119 | Missing: 2 | StateHash: 0xB2D13734
[HEARTBEAT] SimTick: 159 | NetHead: 159 | Confirmed: 154 | Missing: 5 | StateHash: 0x33B8955C
[HEARTBEAT] SimTick: 197 | NetHead: 196 | Confirmed: 193 | Missing: 4 | StateHash: 0x147DB574
[HEARTBEAT] SimTick: 230 | NetHead: 229 | Confirmed: 226 | Missing: 4 | StateHash: 0x147DB574
[HEARTBEAT] SimTick: 263 | NetHead: 263 | Confirmed: 258 | Missing: 5 | StateHash: 0x454FDC2A
[HEARTBEAT] SimTick: 300 | NetHead: 299 | Confirmed: 296 | Missing: 4 | StateHash: 0x4A5DAF41
[HEARTBEAT] SimTick: 340 | NetHead: 339 | Confirmed: 338 | Missing: 2 | StateHash: 0x5C60F51C
[HEARTBEAT] SimTick: 375 | NetHead: 374 | Confirmed: 373 | Missing: 2 | StateHash: 0x18841A51
[HEARTBEAT] SimTick: 414 | NetHead: 413 | Confirmed: 412 | Missing: 2 | StateHash: 0x4B8231A1
[HEARTBEAT] SimTick: 456 | NetHead: 456 | Confirmed: 451 | Missing: 5 | StateHash: 0x3E95A8EC
[HEARTBEAT] SimTick: 493 | NetHead: 492 | Confirmed: 490 | Missing: 3 | StateHash: 0x0C5EE091
[HEARTBEAT] SimTick: 537 | NetHead: 536 | Confirmed: 534 | Missing: 3 | StateHash: 0x9E146BF1
[HEARTBEAT] SimTick: 573 | NetHead: 573 | Confirmed: 569 | Missing: 4 | StateHash: 0xBA9C977C
[HEARTBEAT] SimTick: 610 | NetHead: 609 | Confirmed: 607 | Missing: 3 | StateHash: 0xA0648155
[HEARTBEAT] SimTick: 649 | NetHead: 649 | Confirmed: 646 | Missing: 3 | StateHash: 0xCFD29559
[HEARTBEAT] SimTick: 680 | NetHead: 679 | Confirmed: 676 | Missing: 4 | StateHash: 0xF3A28384
[HEARTBEAT] SimTick: 717 | NetHead: 716 | Confirmed: 715 | Missing: 2 | StateHash: 0xF3A28384
[HEARTBEAT] SimTick: 752 | NetHead: 751 | Confirmed: 748 | Missing: 4 | StateHash: 0x4EF1812A
[HEARTBEAT] SimTick: 790 | NetHead: 790 | Confirmed: 785 | Missing: 5 | StateHash: 0x9BDDA186
[HEARTBEAT] SimTick: 827 | NetHead: 827 | Confirmed: 822 | Missing: 5 | StateHash: 0x5F616E34
[HEARTBEAT] SimTick: 860 | NetHead: 859 | Confirmed: 855 | Missing: 5 | StateHash: 0x3C98FDC9
[HEARTBEAT] SimTick: 897 | NetHead: 896 | Confirmed: 894 | Missing: 3 | StateHash: 0x957BE4C1
[HEARTBEAT] SimTick: 937 | NetHead: 936 | Confirmed: 935 | Missing: 2 | StateHash: 0xA7143604
[HEARTBEAT] SimTick: 975 | NetHead: 974 | Confirmed: 973 | Missing: 2 | StateHash: 0x250EE409
[HEARTBEAT] SimTick: 1020 | NetHead: 1019 | Confirmed: 1017 | Missing: 3 | StateHash: 0x95B7FFB9
[HEARTBEAT] SimTick: 1062 | NetHead: 1061 | Confirmed: 1058 | Missing: 4 | StateHash: 0x9C3AD34C
[HEARTBEAT] SimTick: 1101 | NetHead: 1100 | Confirmed: 1099 | Missing: 2 | StateHash: 0x1141DF22
[HEARTBEAT] SimTick: 1145 | NetHead: 1145 | Confirmed: 1140 | Missing: 5 | StateHash: 0xDA29BD56
[HEARTBEAT] SimTick: 1182 | NetHead: 1181 | Confirmed: 1178 | Missing: 4 | StateHash: 0xEC8C50DC
[HEARTBEAT] SimTick: 1218 | NetHead: 1218 | Confirmed: 1217 | Missing: 1 | StateHash: 0xCCA58DA9
[HEARTBEAT] SimTick: 1264 | NetHead: 1263 | Confirmed: 1259 | Missing: 5 | StateHash: 0x7D5C7446
[HEARTBEAT] SimTick: 1301 | NetHead: 1301 | Confirmed: 1300 | Missing: 1 | StateHash: 0xB8E1C05C
[HEARTBEAT] SimTick: 1342 | NetHead: 1342 | Confirmed: 1338 | Missing: 4 | StateHash: 0x9D16060A
[HEARTBEAT] SimTick: 1372 | NetHead: 1371 | Confirmed: 1368 | Missing: 4 | StateHash: 0xA0900E69
[HEARTBEAT] SimTick: 1410 | NetHead: 1409 | Confirmed: 1408 | Missing: 2 | StateHash: 0x19C558B4
[HEARTBEAT] SimTick: 1450 | NetHead: 1449 | Confirmed: 1447 | Missing: 3 | StateHash: 0xA0683C7D
[HEARTBEAT] SimTick: 1487 | NetHead: 1486 | Confirmed: 1482 | Missing: 5 | StateHash: 0xACE1C351
[HEARTBEAT] SimTick: 1523 | NetHead: 1522 | Confirmed: 1520 | Missing: 3 | StateHash: 0xA1FEDCC4
[HEARTBEAT] SimTick: 1561 | NetHead: 1561 | Confirmed: 1560 | Missing: 1 | StateHash: 0x40B07CAD
[HEARTBEAT] SimTick: 1601 | NetHead: 1600 | Confirmed: 1599 | Missing: 2 | StateHash: 0x216F1374
[HEARTBEAT] SimTick: 1641 | NetHead: 1640 | Confirmed: 1639 | Missing: 2 | StateHash: 0x1F344D74
[HEARTBEAT] SimTick: 1683 | NetHead: 1682 | Confirmed: 1680 | Missing: 3 | StateHash: 0x18FE5EDD
[HEARTBEAT] SimTick: 1726 | NetHead: 1725 | Confirmed: 1723 | Missing: 3 | StateHash: 0xC3E08981
[HEARTBEAT] SimTick: 1767 | NetHead: 1766 | Confirmed: 1762 | Missing: 5 | StateHash: 0x616674F4
[HEARTBEAT] SimTick: 1807 | NetHead: 1806 | Confirmed: 1803 | Missing: 4 | StateHash: 0x6D9628AD
[HEARTBEAT] SimTick: 1847 | NetHead: 1847 | Confirmed: 1844 | Missing: 3 | StateHash: 0xD2140CB1
[HEARTBEAT] SimTick: 1886 | NetHead: 1885 | Confirmed: 1883 | Missing: 3 | StateHash: 0x14AF141C
[HEARTBEAT] SimTick: 1929 | NetHead: 1928 | Confirmed: 1924 | Missing: 5 | StateHash: 0x4E59F3D5
[HEARTBEAT] SimTick: 1967 | NetHead: 1967 | Confirmed: 1962 | Missing: 5 | StateHash: 0xAD4A59C1
[HEARTBEAT] SimTick: 2004 | NetHead: 2004 | Confirmed: 2001 | Missing: 3 | StateHash: 0x5DF50244
[HEARTBEAT] SimTick: 2036 | NetHead: 2036 | Confirmed: 2031 | Missing: 5 | StateHash: 0x5DF50244
[HEARTBEAT] SimTick: 2078 | NetHead: 2077 | Confirmed: 2074 | Missing: 4 | StateHash: 0xB6B64C8C
[HEARTBEAT] SimTick: 2119 | NetHead: 2118 | Confirmed: 2114 | Missing: 5 | StateHash: 0xCAEA7EB4
[HEARTBEAT] SimTick: 2154 | NetHead: 2153 | Confirmed: 2150 | Missing: 4 | StateHash: 0xCAEA7EB4
[HEARTBEAT] SimTick: 2186 | NetHead: 2185 | Confirmed: 2184 | Missing: 2 | StateHash: 0x41ED0C72
[HEARTBEAT] SimTick: 2227 | NetHead: 2226 | Confirmed: 2222 | Missing: 5 | StateHash: 0x92AEE246
[HEARTBEAT] SimTick: 2261 | NetHead: 2260 | Confirmed: 2258 | Missing: 3 | StateHash: 0x36F794F4
[HEARTBEAT] SimTick: 2304 | NetHead: 2303 | Confirmed: 2299 | Missing: 5 | StateHash: 0x5B2E1792
[HEARTBEAT] SimTick: 2345 | NetHead: 2344 | Confirmed: 2340 | Missing: 5 | StateHash: 0x41A17416
[HEARTBEAT] SimTick: 2381 | NetHead: 2381 | Confirmed: 2376 | Missing: 5 | StateHash: 0xC8B2A644
[HEARTBEAT] SimTick: 2417 | NetHead: 2417 | Confirmed: 2412 | Missing: 5 | StateHash: 0x086FB9B9
[HEARTBEAT] SimTick: 2458 | NetHead: 2457 | Confirmed: 2454 | Missing: 4 | StateHash: 0xC06E6121
[HEARTBEAT] SimTick: 2495 | NetHead: 2494 | Confirmed: 2492 | Missing: 3 | StateHash: 0xB420E00C
[HEARTBEAT] SimTick: 2533 | NetHead: 2532 | Confirmed: 2528 | Missing: 5 | StateHash: 0x00A7DF89
[HEARTBEAT] SimTick: 2573 | NetHead: 2572 | Confirmed: 2568 | Missing: 5 | StateHash: 0x5C565DF1
[HEARTBEAT] SimTick: 2617 | NetHead: 2617 | Confirmed: 2612 | Missing: 5 | StateHash: 0xA3E71604
[HEARTBEAT] SimTick: 2653 | NetHead: 2652 | Confirmed: 2651 | Missing: 2 | StateHash: 0x61994E09
[HEARTBEAT] SimTick: 2691 | NetHead: 2690 | Confirmed: 2686 | Missing: 5 | StateHash: 0xC0896EF9
[HEARTBEAT] SimTick: 2727 | NetHead: 2726 | Confirmed: 2723 | Missing: 4 | StateHash: 0xC400F144
[HEARTBEAT] SimTick: 2766 | NetHead: 2765 | Confirmed: 2763 | Missing: 3 | StateHash: 0x0D9A43AD
[HEARTBEAT] SimTick: 2808 | NetHead: 2808 | Confirmed: 2803 | Missing: 5 | StateHash: 0x7C79F9B9
[HEARTBEAT] SimTick: 2849 | NetHead: 2848 | Confirmed: 2847 | Missing: 2 | StateHash: 0x8A388474
[HEARTBEAT] SimTick: 2887 | NetHead: 2887 | Confirmed: 2882 | Missing: 5 | StateHash: 0x2AE78A1D
[HEARTBEAT] SimTick: 2925 | NetHead: 2925 | Confirmed: 2920 | Missing: 5 | StateHash: 0xB67CC3F9
[HEARTBEAT] SimTick: 2958 | NetHead: 2957 | Confirmed: 2956 | Missing: 2 | StateHash: 0x56BD6354
[HEARTBEAT] SimTick: 2998 | NetHead: 2997 | Confirmed: 2993 | Missing: 5 | StateHash: 0x56BD6354
[HEARTBEAT] SimTick: 3038 | NetHead: 3037 | Confirmed: 3036 | Missing: 2 | StateHash: 0x7AC8142C
[HEARTBEAT] SimTick: 3079 | NetHead: 3078 | Confirmed: 3076 | Missing: 3 | StateHash: 0x932B549C
[HEARTBEAT] SimTick: 3119 | NetHead: 3119 | Confirmed: 3117 | Missing: 2 | StateHash: 0x932B549C
[HEARTBEAT] SimTick: 3156 | NetHead: 3155 | Confirmed: 3154 | Missing: 2 | StateHash: 0x56ED93B4
[HEARTBEAT] SimTick: 3192 | NetHead: 3192 | Confirmed: 3190 | Missing: 2 | StateHash: 0x8CE6DC74
[HEARTBEAT] SimTick: 3233 | NetHead: 3232 | Confirmed: 3228 | Missing: 5 | StateHash: 0x8CE6DC74
[HEARTBEAT] SimTick: 3268 | NetHead: 3268 | Confirmed: 3263 | Missing: 5 | StateHash: 0x96326272
[HEARTBEAT] SimTick: 3308 | NetHead: 3307 | Confirmed: 3304 | Missing: 4 | StateHash: 0xFEDE14AE
[HEARTBEAT] SimTick: 3346 | NetHead: 3345 | Confirmed: 3344 | Missing: 2 | StateHash: 0xFDFB373C
[HEARTBEAT] SimTick: 3388 | NetHead: 3387 | Confirmed: 3384 | Missing: 4 | StateHash: 0xC6F7C532
[HEARTBEAT] SimTick: 3425 | NetHead: 3425 | Confirmed: 3421 | Missing: 4 | StateHash: 0x9FBA7D96
[HEARTBEAT] SimTick: 3456 | NetHead: 3455 | Confirmed: 3454 | Missing: 2 | StateHash: 0x771082D4
[HEARTBEAT] SimTick: 3499 | NetHead: 3498 | Confirmed: 3495 | Missing: 4 | StateHash: 0x702F6DE1
[HEARTBEAT] SimTick: 3535 | NetHead: 3534 | Confirmed: 3532 | Missing: 3 | StateHash: 0xC800E5F1
[HEARTBEAT] SimTick: 3575 | NetHead: 3574 | Confirmed: 3571 | Missing: 4 | StateHash: 0xC286EFA4
[HEARTBEAT] SimTick: 3611 | NetHead: 3610 | Confirmed: 3607 | Missing: 4 | StateHash: 0x329FFB7D
[HEARTBEAT] SimTick: 3651 | NetHead: 3650 | Confirmed: 3646 | Missing: 5 | StateHash: 0x0133B981
[HEARTBEAT] SimTick: 3695 | NetHead: 3694 | Confirmed: 3690 | Missing: 5 | StateHash: 0x6CBD9544
[HEARTBEAT] SimTick: 3736 | NetHead: 3735 | Confirmed: 3731 | Missing: 5 | StateHash: 0x08F7EFE9
[HEARTBEAT] SimTick: 3776 | NetHead: 3775 | Confirmed: 3772 | Missing: 4 | StateHash: 0xA5FC61F1
[HEARTBEAT] SimTick: 3810 | NetHead: 3810 | Confirmed: 3809 | Missing: 1 | StateHash: 0x5C791A24
[HEARTBEAT] SimTick: 3854 | NetHead: 3854 | Confirmed: 3852 | Missing: 2 | StateHash: 0x72735149
[HEARTBEAT] SimTick: 3893 | NetHead: 3892 | Confirmed: 3890 | Missing: 3 | StateHash: 0x9C57ACB1
[HEARTBEAT] SimTick: 3930 | NetHead: 3930 | Confirmed: 3926 | Missing: 4 | StateHash: 0xE7DEA974
[HEARTBEAT] SimTick: 3970 | NetHead: 3969 | Confirmed: 3968 | Missing: 2 | StateHash: 0x05C6931D
[HEARTBEAT] SimTick: 4007 | NetHead: 4006 | Confirmed: 4005 | Missing: 2 | StateHash: 0x34CF7979
[HEARTBEAT] SimTick: 4048 | NetHead: 4047 | Confirmed: 4043 | Missing: 5 | StateHash: 0x4F90D2D4
[HEARTBEAT] SimTick: 4085 | NetHead: 4084 | Confirmed: 4081 | Missing: 4 | StateHash: 0x9A3E4CAD
[HEARTBEAT] SimTick: 4126 | NetHead: 4125 | Confirmed: 4122 | Missing: 4 | StateHash: 0x419E0F81
[HEARTBEAT] SimTick: 4162 | NetHead: 4161 | Confirmed: 4160 | Missing: 2 | StateHash: 0x6529F36C
[HEARTBEAT] SimTick: 4198 | NetHead: 4197 | Confirmed: 4194 | Missing: 4 | StateHash: 0x6529F36C
[HEARTBEAT] SimTick: 4241 | NetHead: 4241 | Confirmed: 4236 | Missing: 5 | StateHash: 0x7A4300A4
[HEARTBEAT] SimTick: 4278 | NetHead: 4278 | Confirmed: 4274 | Missing: 4 | StateHash: 0x8E7C8D84
[HEARTBEAT] SimTick: 4315 | NetHead: 4315 | Confirmed: 4310 | Missing: 5 | StateHash: 0x8E7C8D84
[HEARTBEAT] SimTick: 4355 | NetHead: 4354 | Confirmed: 4350 | Missing: 5 | StateHash: 0x178760F4
[HEARTBEAT] SimTick: 4392 | NetHead: 4392 | Confirmed: 4387 | Missing: 5 | StateHash: 0x331FF114
[HEARTBEAT] SimTick: 4432 | NetHead: 4431 | Confirmed: 4429 | Missing: 3 | StateHash: 0x331FF114
[HEARTBEAT] SimTick: 4469 | NetHead: 4468 | Confirmed: 4465 | Missing: 4 | StateHash: 0xA458CDF2
[HEARTBEAT] SimTick: 4507 | NetHead: 4506 | Confirmed: 4503 | Missing: 4 | StateHash: 0x18C68696
[HEARTBEAT] SimTick: 4545 | NetHead: 4545 | Confirmed: 4541 | Missing: 4 | StateHash: 0x8C499F7C
[HEARTBEAT] SimTick: 4582 | NetHead: 4581 | Confirmed: 4578 | Missing: 4 | StateHash: 0x8621F279
[HEARTBEAT] SimTick: 4620 | NetHead: 4619 | Confirmed: 4617 | Missing: 3 | StateHash: 0x371BECE9
[HEARTBEAT] SimTick: 4665 | NetHead: 4664 | Confirmed: 4663 | Missing: 2 | StateHash: 0xC866539C
[HEARTBEAT] SimTick: 4707 | NetHead: 4707 | Confirmed: 4702 | Missing: 5 | StateHash: 0xB42C976A
[HEARTBEAT] SimTick: 4753 | NetHead: 4752 | Confirmed: 4750 | Missing: 3 | StateHash: 0xBC293A84
[HEARTBEAT] SimTick: 4793 | NetHead: 4793 | Confirmed: 4790 | Missing: 3 | StateHash: 0xBC293A84
[HEARTBEAT] SimTick: 4831 | NetHead: 4830 | Confirmed: 4827 | Missing: 4 | StateHash: 0xD0E729DC
[HEARTBEAT] SimTick: 4868 | NetHead: 4867 | Confirmed: 4866 | Missing: 2 | StateHash: 0x81FED86E
[HEARTBEAT] SimTick: 4910 | NetHead: 4909 | Confirmed: 4907 | Missing: 3 | StateHash: 0x50AF2794
[HEARTBEAT] SimTick: 4950 | NetHead: 4949 | Confirmed: 4945 | Missing: 5 | StateHash: 0x10F8F05A
[HEARTBEAT] SimTick: 4984 | NetHead: 4984 | Confirmed: 4981 | Missing: 3 | StateHash: 0x00117E6E
[HEARTBEAT] SimTick: 5014 | NetHead: 5013 | Confirmed: 5009 | Missing: 5 | StateHash: 0x96B7880C
[HEARTBEAT] SimTick: 5045 | NetHead: 5045 | Confirmed: 5044 | Missing: 1 | StateHash: 0xD5C88305
[HEARTBEAT] SimTick: 5090 | NetHead: 5089 | Confirmed: 5088 | Missing: 2 | StateHash: 0xADC22C99
[HEARTBEAT] SimTick: 5130 | NetHead: 5130 | Confirmed: 5127 | Missing: 3 | StateHash: 0x9D3FF1FC
[HEARTBEAT] SimTick: 5170 | NetHead: 5170 | Confirmed: 5167 | Missing: 3 | StateHash: 0x8EAF7435
[HEARTBEAT] SimTick: 5207 | NetHead: 5206 | Confirmed: 5202 | Missing: 5 | StateHash: 0x3ABA03A9
[HEARTBEAT] SimTick: 5247 | NetHead: 5246 | Confirmed: 5243 | Missing: 4 | StateHash: 0x6D8DC6A4
[HEARTBEAT] SimTick: 5280 | NetHead: 5280 | Confirmed: 5276 | Missing: 4 | StateHash: 0x6D8DC6A4
[HEARTBEAT] SimTick: 5321 | NetHead: 5320 | Confirmed: 5317 | Missing: 4 | StateHash: 0x34531E99
[HEARTBEAT] SimTick: 5360 | NetHead: 5359 | Confirmed: 5355 | Missing: 5 | StateHash: 0xB5D740AC
[HEARTBEAT] SimTick: 5399 | NetHead: 5398 | Confirmed: 5395 | Missing: 4 | StateHash: 0xB5D740AC
[HEARTBEAT] SimTick: 5437 | NetHead: 5436 | Confirmed: 5435 | Missing: 2 | StateHash: 0xA26CD64C
[HEARTBEAT] SimTick: 5480 | NetHead: 5480 | Confirmed: 5479 | Missing: 1 | StateHash: 0xD9F16574
[HEARTBEAT] SimTick: 5522 | NetHead: 5521 | Confirmed: 5520 | Missing: 2 | StateHash: 0x2147C8CD
[HEARTBEAT] SimTick: 5561 | NetHead: 5560 | Confirmed: 5557 | Missing: 4 | StateHash: 0xE4B837F4
[HEARTBEAT] SimTick: 5605 | NetHead: 5604 | Confirmed: 5603 | Missing: 2 | StateHash: 0x03AEBFB4
[HEARTBEAT] SimTick: 5646 | NetHead: 5645 | Confirmed: 5644 | Missing: 2 | StateHash: 0x796896FD
[HEARTBEAT] SimTick: 5684 | NetHead: 5684 | Confirmed: 5679 | Missing: 5 | StateHash: 0x337DDF49
[HEARTBEAT] SimTick: 5720 | NetHead: 5719 | Confirmed: 5716 | Missing: 4 | StateHash: 0x9B0FE6DC
[HEARTBEAT] SimTick: 5759 | NetHead: 5758 | Confirmed: 5755 | Missing: 4 | StateHash: 0x9B0FE6DC
[HEARTBEAT] SimTick: 5801 | NetHead: 5800 | Confirmed: 5796 | Missing: 5 | StateHash: 0x3678E194
[HEARTBEAT] SimTick: 5843 | NetHead: 5842 | Confirmed: 5838 | Missing: 5 | StateHash: 0x02B113B4
[HEARTBEAT] SimTick: 5885 | NetHead: 5884 | Confirmed: 5880 | Missing: 5 | StateHash: 0x0E5A686D
[HEARTBEAT] SimTick: 5923 | NetHead: 5922 | Confirmed: 5919 | Missing: 4 | StateHash: 0x58BFE449
[HEARTBEAT] SimTick: 5960 | NetHead: 5960 | Confirmed: 5958 | Missing: 2 | StateHash: 0x4FDF9C1C
[HEARTBEAT] SimTick: 6001 | NetHead: 6000 | Confirmed: 5996 | Missing: 5 | StateHash: 0x42807005
[HEARTBEAT] SimTick: 6038 | NetHead: 6037 | Confirmed: 6033 | Missing: 5 | StateHash: 0xC7E8380C
[HEARTBEAT] SimTick: 6079 | NetHead: 6078 | Confirmed: 6075 | Missing: 4 | StateHash: 0x46C52614
[HEARTBEAT] SimTick: 6118 | NetHead: 6117 | Confirmed: 6115 | Missing: 3 | StateHash: 0x46C52614
[HEARTBEAT] SimTick: 6157 | NetHead: 6156 | Confirmed: 6154 | Missing: 3 | StateHash: 0x6DE860BC
[HEARTBEAT] SimTick: 6197 | NetHead: 6196 | Confirmed: 6192 | Missing: 5 | StateHash: 0xC0B79ACC
[HEARTBEAT] SimTick: 6235 | NetHead: 6234 | Confirmed: 6230 | Missing: 5 | StateHash: 0xC0B79ACC
[HEARTBEAT] SimTick: 6276 | NetHead: 6275 | Confirmed: 6274 | Missing: 2 | StateHash: 0x06B46BC4
[HEARTBEAT] SimTick: 6319 | NetHead: 6318 | Confirmed: 6316 | Missing: 3 | StateHash: 0x9EAEB724
[HEARTBEAT] SimTick: 6356 | NetHead: 6355 | Confirmed: 6351 | Missing: 5 | StateHash: 0x9EAEB724
[HEARTBEAT] SimTick: 6391 | NetHead: 6390 | Confirmed: 6387 | Missing: 4 | StateHash: 0x252C0BB2
[HEARTBEAT] SimTick: 6429 | NetHead: 6428 | Confirmed: 6427 | Missing: 2 | StateHash: 0x52782BE6
[HEARTBEAT] SimTick: 6470 | NetHead: 6469 | Confirmed: 6465 | Missing: 5 | StateHash: 0x042B9E14
[HEARTBEAT] SimTick: 6510 | NetHead: 6509 | Confirmed: 6505 | Missing: 5 | StateHash: 0xD23B4312
[HEARTBEAT] SimTick: 6545 | NetHead: 6545 | Confirmed: 6540 | Missing: 5 | StateHash: 0xC178A1FE
[HEARTBEAT] SimTick: 6579 | NetHead: 6578 | Confirmed: 6574 | Missing: 5 | StateHash: 0x444C2214
[HEARTBEAT] SimTick: 6614 | NetHead: 6613 | Confirmed: 6610 | Missing: 4 | StateHash: 0xC6AC36B9
[HEARTBEAT] SimTick: 6654 | NetHead: 6654 | Confirmed: 6651 | Missing: 3 | StateHash: 0x0188AEE9
[HEARTBEAT] SimTick: 6693 | NetHead: 6692 | Confirmed: 6690 | Missing: 3 | StateHash: 0xB3649BBC
[HEARTBEAT] SimTick: 6734 | NetHead: 6734 | Confirmed: 6729 | Missing: 5 | StateHash: 0xF6393089
[HEARTBEAT] SimTick: 6777 | NetHead: 6777 | Confirmed: 6775 | Missing: 2 | StateHash: 0x86B83C51
[HEARTBEAT] SimTick: 6813 | NetHead: 6812 | Confirmed: 6809 | Missing: 4 | StateHash: 0xBF7E8E24
[HEARTBEAT] SimTick: 6848 | NetHead: 6847 | Confirmed: 6843 | Missing: 5 | StateHash: 0x659801ED
[HEARTBEAT] SimTick: 6887 | NetHead: 6886 | Confirmed: 6882 | Missing: 5 | StateHash: 0x3F851BA1
[HEARTBEAT] SimTick: 6921 | NetHead: 6921 | Confirmed: 6920 | Missing: 1 | StateHash: 0x2FA1C334
[HEARTBEAT] SimTick: 6963 | NetHead: 6962 | Confirmed: 6961 | Missing: 2 | StateHash: 0x8576025D
[HEARTBEAT] SimTick: 6993 | NetHead: 6992 | Confirmed: 6988 | Missing: 5 | StateHash: 0x8A1DF5A2
[HEARTBEAT] SimTick: 7028 | NetHead: 7028 | Confirmed: 7026 | Missing: 2 | StateHash: 0xB7453186
[HEARTBEAT] SimTick: 7065 | NetHead: 7065 | Confirmed: 7060 | Missing: 5 | StateHash: 0x5A70EF84
[HEARTBEAT] SimTick: 7107 | NetHead: 7106 | Confirmed: 7104 | Missing: 3 | StateHash: 0xE5725232
[HEARTBEAT] SimTick: 7142 | NetHead: 7142 | Confirmed: 7141 | Missing: 1 | StateHash: 0xF7A1B1AE
[HEARTBEAT] SimTick: 7182 | NetHead: 7182 | Confirmed: 7177 | Missing: 5 | StateHash: 0xB1CA64D4
[HEARTBEAT] SimTick: 7221 | NetHead: 7220 | Confirmed: 7217 | Missing: 4 | StateHash: 0x36CD5EEA
[HEARTBEAT] SimTick: 7265 | NetHead: 7265 | Confirmed: 7260 | Missing: 5 | StateHash: 0x7523367E
[HEARTBEAT] SimTick: 7297 | NetHead: 7297 | Confirmed: 7295 | Missing: 2 | StateHash: 0x38D794CC
[HEARTBEAT] SimTick: 7339 | NetHead: 7338 | Confirmed: 7334 | Missing: 5 | StateHash: 0x0543D569
[HEARTBEAT] SimTick: 7377 | NetHead: 7376 | Confirmed: 7375 | Missing: 2 | StateHash: 0x46E72E29
[HEARTBEAT] SimTick: 7417 | NetHead: 7416 | Confirmed: 7413 | Missing: 4 | StateHash: 0x84FA8294
[HEARTBEAT] SimTick: 7453 | NetHead: 7452 | Confirmed: 7448 | Missing: 5 | StateHash: 0xC9122B8D
[HEARTBEAT] SimTick: 7493 | NetHead: 7492 | Confirmed: 7490 | Missing: 3 | StateHash: 0xB5F4A0B1
[HEARTBEAT] SimTick: 7531 | NetHead: 7530 | Confirmed: 7529 | Missing: 2 | StateHash: 0x43CB80CC
[HEARTBEAT] SimTick: 7573 | NetHead: 7572 | Confirmed: 7569 | Missing: 4 | StateHash: 0x3E28D5E9
[HEARTBEAT] SimTick: 7612 | NetHead: 7611 | Confirmed: 7610 | Missing: 2 | StateHash: 0x0662FCE1
[HEARTBEAT] SimTick: 7654 | NetHead: 7653 | Confirmed: 7650 | Missing: 4 | StateHash: 0xE154BE8C
[HEARTBEAT] SimTick: 7692 | NetHead: 7691 | Confirmed: 7687 | Missing: 5 | StateHash: 0x0822F981
[HEARTBEAT] SimTick: 7730 | NetHead: 7730 | Confirmed: 7727 | Missing: 3 | StateHash: 0xC8A9ABE9
[HEARTBEAT] SimTick: 7766 | NetHead: 7766 | Confirmed: 7761 | Missing: 5 | StateHash: 0xE7C3FE3C
[HEARTBEAT] SimTick: 7808 | NetHead: 7807 | Confirmed: 7806 | Missing: 2 | StateHash: 0x59D06D55
[HEARTBEAT] SimTick: 7846 | NetHead: 7845 | Confirmed: 7844 | Missing: 2 | StateHash: 0x519F8EF9
[HEARTBEAT] SimTick: 7880 | NetHead: 7879 | Confirmed: 7876 | Missing: 4 | StateHash: 0x2A006BF4
[HEARTBEAT] SimTick: 7913 | NetHead: 7913 | Confirmed: 7908 | Missing: 5 | StateHash: 0x2A006BF4
[HEARTBEAT] SimTick: 7953 | NetHead: 7953 | Confirmed: 7948 | Missing: 5 | StateHash: 0xD06BDDC4
[HEARTBEAT] SimTick: 7994 | NetHead: 7993 | Confirmed: 7990 | Missing: 4 | StateHash: 0x6151F04C
[HEARTBEAT] SimTick: 8037 | NetHead: 8037 | Confirmed: 8032 | Missing: 5 | StateHash: 0x6151F04C
[HEARTBEAT] SimTick: 8069 | NetHead: 8068 | Confirmed: 8067 | Missing: 2 | StateHash: 0xF9260DCA
[HEARTBEAT] SimTick: 8105 | NetHead: 8104 | Confirmed: 8100 | Missing: 5 | StateHash: 0xA2DDEF36
[HEARTBEAT] SimTick: 8139 | NetHead: 8138 | Confirmed: 8134 | Missing: 5 | StateHash: 0xCE7B5334
[HEARTBEAT] SimTick: 8173 | NetHead: 8173 | Confirmed: 8168 | Missing: 5 | StateHash: 0xD9295681
[HEARTBEAT] SimTick: 8208 | NetHead: 8207 | Confirmed: 8203 | Missing: 5 | StateHash: 0x77FE7E71
[HEARTBEAT] SimTick: 8244 | NetHead: 8243 | Confirmed: 8240 | Missing: 4 | StateHash: 0xE6CFE754
[HEARTBEAT] SimTick: 8280 | NetHead: 8279 | Confirmed: 8275 | Missing: 5 | StateHash: 0xE6CFE754
[HEARTBEAT] SimTick: 8314 | NetHead: 8313 | Confirmed: 8310 | Missing: 4 | StateHash: 0x19ADE444
[HEARTBEAT] SimTick: 8353 | NetHead: 8353 | Confirmed: 8348 | Missing: 5 | StateHash: 0x95E5B3EC
[HEARTBEAT] SimTick: 8396 | NetHead: 8395 | Confirmed: 8391 | Missing: 5 | StateHash: 0x95E5B3EC
[HEARTBEAT] SimTick: 8429 | NetHead: 8428 | Confirmed: 8427 | Missing: 2 | StateHash: 0xD129BCFA
[HEARTBEAT] SimTick: 8465 | NetHead: 8464 | Confirmed: 8463 | Missing: 2 | StateHash: 0x8FB6FF56
[HEARTBEAT] SimTick: 8501 | NetHead: 8500 | Confirmed: 8499 | Missing: 2 | StateHash: 0xC8038DF4
[HEARTBEAT] SimTick: 8542 | NetHead: 8541 | Confirmed: 8539 | Missing: 3 | StateHash: 0x777156AA
[HEARTBEAT] SimTick: 8585 | NetHead: 8584 | Confirmed: 8581 | Missing: 4 | StateHash: 0xF2A6B2CE
[HEARTBEAT] SimTick: 8621 | NetHead: 8620 | Confirmed: 8619 | Missing: 2 | StateHash: 0xF4D003FC
[HEARTBEAT] SimTick: 8661 | NetHead: 8661 | Confirmed: 8656 | Missing: 5 | StateHash: 0x69BB3AB1
[HEARTBEAT] SimTick: 8698 | NetHead: 8698 | Confirmed: 8695 | Missing: 3 | StateHash: 0xA6D346C1
[HEARTBEAT] SimTick: 8737 | NetHead: 8736 | Confirmed: 8735 | Missing: 2 | StateHash: 0xFE99095C
[HEARTBEAT] SimTick: 8782 | NetHead: 8781 | Confirmed: 8779 | Missing: 3 | StateHash: 0xD5B28F82
[HEARTBEAT] SimTick: 8821 | NetHead: 8821 | Confirmed: 8819 | Missing: 2 | StateHash: 0x277E6256
[HEARTBEAT] SimTick: 8862 | NetHead: 8862 | Confirmed: 8859 | Missing: 3 | StateHash: 0x278003CC
[HEARTBEAT] SimTick: 8904 | NetHead: 8904 | Confirmed: 8899 | Missing: 5 | StateHash: 0xBA24E15A
[HEARTBEAT] SimTick: 8945 | NetHead: 8944 | Confirmed: 8942 | Missing: 3 | StateHash: 0x1FAB49F6
[HEARTBEAT] SimTick: 8985 | NetHead: 8985 | Confirmed: 8980 | Missing: 5 | StateHash: 0x51F6B084
[HEARTBEAT] SimTick: 9030 | NetHead: 9029 | Confirmed: 9026 | Missing: 4 | StateHash: 0x5B477FFA
[HEARTBEAT] SimTick: 9061 | NetHead: 9060 | Confirmed: 9059 | Missing: 2 | StateHash: 0xAD8A779E
[HEARTBEAT] SimTick: 9104 | NetHead: 9103 | Confirmed: 9100 | Missing: 4 | StateHash: 0x52A9B664
[HEARTBEAT] SimTick: 9144 | NetHead: 9143 | Confirmed: 9142 | Missing: 2 | StateHash: 0x67F62AAA
[HEARTBEAT] SimTick: 9184 | NetHead: 9183 | Confirmed: 9179 | Missing: 5 | StateHash: 0xE4EBF1DE
[HEARTBEAT] SimTick: 9224 | NetHead: 9224 | Confirmed: 9219 | Missing: 5 | StateHash: 0x580C2C7C
[HEARTBEAT] SimTick: 9268 | NetHead: 9268 | Confirmed: 9265 | Missing: 3 | StateHash: 0x1709BDAA
[HEARTBEAT] SimTick: 9303 | NetHead: 9303 | Confirmed: 9299 | Missing: 4 | StateHash: 0xC4C2BFFE
[HEARTBEAT] SimTick: 9340 | NetHead: 9340 | Confirmed: 9337 | Missing: 3 | StateHash: 0xA7C939F4
[HEARTBEAT] SimTick: 9382 | NetHead: 9382 | Confirmed: 9380 | Missing: 2 | StateHash: 0x544D9282
[HEARTBEAT] SimTick: 9424 | NetHead: 9423 | Confirmed: 9421 | Missing: 3 | StateHash: 0x8003CDC6
[HEARTBEAT] SimTick: 9458 | NetHead: 9457 | Confirmed: 9456 | Missing: 2 | StateHash: 0x9C88925C
[HEARTBEAT] SimTick: 9500 | NetHead: 9499 | Confirmed: 9497 | Missing: 3 | StateHash: 0xBBBD3C99
[HEARTBEAT] SimTick: 9536 | NetHead: 9536 | Confirmed: 9533 | Missing: 3 | StateHash: 0x60CBE111
[HEARTBEAT] SimTick: 9576 | NetHead: 9575 | Confirmed: 9574 | Missing: 2 | StateHash: 0xE6879904
[HEARTBEAT] SimTick: 9616 | NetHead: 9615 | Confirmed: 9614 | Missing: 2 | StateHash: 0x88628DD1
[HEARTBEAT] SimTick: 9649 | NetHead: 9648 | Confirmed: 9647 | Missing: 2 | StateHash: 0x13A31361
[HEARTBEAT] SimTick: 9687 | NetHead: 9687 | Confirmed: 9682 | Missing: 5 | StateHash: 0x8C2E3434
[HEARTBEAT] SimTick: 9728 | NetHead: 9727 | Confirmed: 9723 | Missing: 5 | StateHash: 0xBEBE2DDD
[HEARTBEAT] SimTick: 9767 | NetHead: 9766 | Confirmed: 9765 | Missing: 2 | StateHash: 0x2A522391
[HEARTBEAT] SimTick: 9811 | NetHead: 9810 | Confirmed: 9807 | Missing: 4 | StateHash: 0x1705C4E4
[HEARTBEAT] SimTick: 9853 | NetHead: 9852 | Confirmed: 9850 | Missing: 3 | StateHash: 0x04E3B411
[HEARTBEAT] SimTick: 9887 | NetHead: 9886 | Confirmed: 9884 | Missing: 3 | StateHash: 0x84179901
[HEARTBEAT] SimTick: 9929 | NetHead: 9928 | Confirmed: 9924 | Missing: 5 | StateHash: 0x56F4AD5C
[HEARTBEAT] SimTick: 9966 | NetHead: 9965 | Confirmed: 9962 | Missing: 4 | StateHash: 0x94E47D75
[HEARTBEAT] SimTick: 10008 | NetHead: 10008 | Confirmed: 10004 | Missing: 4 | StateHash: 0x49FEDBA9
[HEARTBEAT] SimTick: 10045 | NetHead: 10044 | Confirmed: 10041 | Missing: 4 | StateHash: 0x3F80E15C
[HEARTBEAT] SimTick: 10083 | NetHead: 10082 | Confirmed: 10079 | Missing: 4 | StateHash: 0xA8CFC1A5
[HEARTBEAT] SimTick: 10120 | NetHead: 10119 | Confirmed: 10117 | Missing: 3 | StateHash: 0x6A7FB5F4
[HEARTBEAT] SimTick: 10156 | NetHead: 10155 | Confirmed: 10153 | Missing: 3 | StateHash: 0x3E0AD2EC
[HEARTBEAT] SimTick: 10195 | NetHead: 10194 | Confirmed: 10192 | Missing: 3 | StateHash: 0x3E0AD2EC
[HEARTBEAT] SimTick: 10231 | NetHead: 10231 | Confirmed: 10226 | Missing: 5 | StateHash: 0x007AF8DA
[HEARTBEAT] SimTick: 10268 | NetHead: 10268 | Confirmed: 10264 | Missing: 4 | StateHash: 0x954228C6
[HEARTBEAT] SimTick: 10301 | NetHead: 10300 | Confirmed: 10299 | Missing: 2 | StateHash: 0xE17C958C
[HEARTBEAT] SimTick: 10343 | NetHead: 10343 | Confirmed: 10338 | Missing: 5 | StateHash: 0xCB26C00A
[HEARTBEAT] SimTick: 10379 | NetHead: 10378 | Confirmed: 10374 | Missing: 5 | StateHash: 0x793CB639
[HEARTBEAT] SimTick: 10418 | NetHead: 10417 | Confirmed: 10416 | Missing: 2 | StateHash: 0x343C36DC
[HEARTBEAT] SimTick: 10459 | NetHead: 10459 | Confirmed: 10454 | Missing: 5 | StateHash: 0x21983D59
[HEARTBEAT] SimTick: 10496 | NetHead: 10496 | Confirmed: 10491 | Missing: 5 | StateHash: 0x0EBECC39
[HEARTBEAT] SimTick: 10536 | NetHead: 10536 | Confirmed: 10535 | Missing: 1 | StateHash: 0xDBF1A68C
[HEARTBEAT] SimTick: 10581 | NetHead: 10580 | Confirmed: 10578 | Missing: 3 | StateHash: 0x39B253C9
[HEARTBEAT] SimTick: 10615 | NetHead: 10614 | Confirmed: 10611 | Missing: 4 | StateHash: 0x9C153EE1
[HEARTBEAT] SimTick: 10657 | NetHead: 10656 | Confirmed: 10654 | Missing: 3 | StateHash: 0xB42BD55C
[HEARTBEAT] SimTick: 10699 | NetHead: 10698 | Confirmed: 10697 | Missing: 2 | StateHash: 0xA3AFDD21
[HEARTBEAT] SimTick: 10738 | NetHead: 10737 | Confirmed: 10734 | Missing: 4 | StateHash: 0xFB82DD79
[HEARTBEAT] SimTick: 10774 | NetHead: 10773 | Confirmed: 10771 | Missing: 3 | StateHash: 0x610AEDEC
[HEARTBEAT] SimTick: 10815 | NetHead: 10814 | Confirmed: 10812 | Missing: 3 | StateHash: 0x9CA414E1
[HEARTBEAT] SimTick: 10855 | NetHead: 10854 | Confirmed: 10852 | Missing: 3 | StateHash: 0x3A5DBCF9
[HEARTBEAT] SimTick: 10895 | NetHead: 10894 | Confirmed: 10890 | Missing: 5 | StateHash: 0x5EBDE7E4
[HEARTBEAT] SimTick: 10936 | NetHead: 10935 | Confirmed: 10932 | Missing: 4 | StateHash: 0xBB40AEF1
[HEARTBEAT] SimTick: 10974 | NetHead: 10974 | Confirmed: 10971 | Missing: 3 | StateHash: 0x334E5449
[HEARTBEAT] SimTick: 11016 | NetHead: 11015 | Confirmed: 11011 | Missing: 5 | StateHash: 0xEE9D80D4
[HEARTBEAT] SimTick: 11054 | NetHead: 11054 | Confirmed: 11049 | Missing: 5 | StateHash: 0xE7C256A9
[HEARTBEAT] SimTick: 11097 | NetHead: 11097 | Confirmed: 11092 | Missing: 5 | StateHash: 0x2602EAB1
[HEARTBEAT] SimTick: 11125 | NetHead: 11125 | Confirmed: 11124 | Missing: 1 | StateHash: 0xBA07DCEC
[HEARTBEAT] SimTick: 11171 | NetHead: 11170 | Confirmed: 11166 | Missing: 5 | StateHash: 0xBCCB3E45
[HEARTBEAT] SimTick: 11214 | NetHead: 11213 | Confirmed: 11211 | Missing: 3 | StateHash: 0xB3B327E9
[HEARTBEAT] SimTick: 11248 | NetHead: 11247 | Confirmed: 11245 | Missing: 3 | StateHash: 0x326D023C
[HEARTBEAT] SimTick: 11285 | NetHead: 11284 | Confirmed: 11282 | Missing: 3 | StateHash: 0xE34B0155
[HEARTBEAT] SimTick: 11325 | NetHead: 11324 | Confirmed: 11321 | Missing: 4 | StateHash: 0x7B35A8A1
[HEARTBEAT] SimTick: 11364 | NetHead: 11364 | Confirmed: 11359 | Missing: 5 | StateHash: 0x2AD9D514
[HEARTBEAT] SimTick: 11403 | NetHead: 11402 | Confirmed: 11401 | Missing: 2 | StateHash: 0xDD4D5F1D
[HEARTBEAT] SimTick: 11445 | NetHead: 11444 | Confirmed: 11441 | Missing: 4 | StateHash: 0x0A82A419
[HEARTBEAT] SimTick: 11481 | NetHead: 11481 | Confirmed: 11476 | Missing: 5 | StateHash: 0x180CE76C
[HEARTBEAT] SimTick: 11519 | NetHead: 11518 | Confirmed: 11515 | Missing: 4 | StateHash: 0x180CE76C
[HEARTBEAT] SimTick: 11556 | NetHead: 11555 | Confirmed: 11554 | Missing: 2 | StateHash: 0xC109D3FC
[HEARTBEAT] SimTick: 11597 | NetHead: 11596 | Confirmed: 11592 | Missing: 5 | StateHash: 0x4BD68024
[HEARTBEAT] SimTick: 11632 | NetHead: 11631 | Confirmed: 11630 | Missing: 2 | StateHash: 0x4BD68024
[HEARTBEAT] SimTick: 11677 | NetHead: 11677 | Confirmed: 11673 | Missing: 4 | StateHash: 0xF90FEB5C
[HEARTBEAT] SimTick: 11714 | NetHead: 11713 | Confirmed: 11709 | Missing: 5 | StateHash: 0x99F233C4
[HEARTBEAT] SimTick: 11755 | NetHead: 11755 | Confirmed: 11750 | Missing: 5 | StateHash: 0x99F233C4
[HEARTBEAT] SimTick: 11795 | NetHead: 11794 | Confirmed: 11790 | Missing: 5 | StateHash: 0x68E8DB74
[HEARTBEAT] SimTick: 11834 | NetHead: 11833 | Confirmed: 11830 | Missing: 4 | StateHash: 0x1674B07C
[HEARTBEAT] SimTick: 11877 | NetHead: 11876 | Confirmed: 11875 | Missing: 2 | StateHash: 0x1674B07C
[HEARTBEAT] SimTick: 11917 | NetHead: 11916 | Confirmed: 11913 | Missing: 4 | StateHash: 0xBFB454DC
[HEARTBEAT] SimTick: 11955 | NetHead: 11955 | Confirmed: 11953 | Missing: 2 | StateHash: 0x11D58BAC
[HEARTBEAT] SimTick: 11992 | NetHead: 11991 | Confirmed: 11988 | Missing: 4 | StateHash: 0x11D58BAC
[HEARTBEAT] SimTick: 12034 | NetHead: 12033 | Confirmed: 12032 | Missing: 2 | StateHash: 0x3DC60F24
[HEARTBEAT] SimTick: 12076 | NetHead: 12075 | Confirmed: 12074 | Missing: 2 | StateHash: 0xF868B484
[HEARTBEAT] SimTick: 12113 | NetHead: 12112 | Confirmed: 12108 | Missing: 5 | StateHash: 0xF868B484
[HEARTBEAT] SimTick: 12149 | NetHead: 12148 | Confirmed: 12144 | Missing: 5 | StateHash: 0x0C7C5F52
[HEARTBEAT] SimTick: 12192 | NetHead: 12191 | Confirmed: 12188 | Missing: 4 | StateHash: 0x485BE134
[HEARTBEAT] SimTick: 12230 | NetHead: 12230 | Confirmed: 12225 | Missing: 5 | StateHash: 0x485BE134
[HEARTBEAT] SimTick: 12274 | NetHead: 12274 | Confirmed: 12269 | Missing: 5 | StateHash: 0x32B6CA64
[HEARTBEAT] SimTick: 12309 | NetHead: 12308 | Confirmed: 12306 | Missing: 3 | StateHash: 0x0227DE76
[HEARTBEAT] SimTick: 12349 | NetHead: 12348 | Confirmed: 12344 | Missing: 5 | StateHash: 0x8FE7695C
[HEARTBEAT] SimTick: 12388 | NetHead: 12387 | Confirmed: 12384 | Missing: 4 | StateHash: 0x2CD3FDE2
[HEARTBEAT] SimTick: 12424 | NetHead: 12424 | Confirmed: 12419 | Missing: 5 | StateHash: 0x443C4D59
[HEARTBEAT] SimTick: 12463 | NetHead: 12462 | Confirmed: 12461 | Missing: 2 | StateHash: 0x70C8C4D4
[HEARTBEAT] SimTick: 12508 | NetHead: 12508 | Confirmed: 12506 | Missing: 2 | StateHash: 0xE388E4AA
[HEARTBEAT] SimTick: 12548 | NetHead: 12548 | Confirmed: 12546 | Missing: 2 | StateHash: 0x78EA59FE
[HEARTBEAT] SimTick: 12593 | NetHead: 12592 | Confirmed: 12589 | Missing: 4 | StateHash: 0x9D42C314
[HEARTBEAT] SimTick: 12633 | NetHead: 12632 | Confirmed: 12629 | Missing: 4 | StateHash: 0x6053B1A4
[HEARTBEAT] SimTick: 12675 | NetHead: 12674 | Confirmed: 12672 | Missing: 3 | StateHash: 0x0968436C
[HEARTBEAT] SimTick: 12703 | NetHead: 12703 | Confirmed: 12699 | Missing: 4 | StateHash: 0x0968436C
[HEARTBEAT] SimTick: 12731 | NetHead: 12730 | Confirmed: 12727 | Missing: 4 | StateHash: 0x45A457D9
[HEARTBEAT] SimTick: 12775 | NetHead: 12774 | Confirmed: 12770 | Missing: 5 | StateHash: 0xBCA5EE39
[HEARTBEAT] SimTick: 12815 | NetHead: 12814 | Confirmed: 12811 | Missing: 4 | StateHash: 0xC16042AC
[HEARTBEAT] SimTick: 12852 | NetHead: 12851 | Confirmed: 12848 | Missing: 4 | StateHash: 0xB7149B91
[HEARTBEAT] SimTick: 12891 | NetHead: 12891 | Confirmed: 12887 | Missing: 4 | StateHash: 0x58BA2939
[HEARTBEAT] SimTick: 12930 | NetHead: 12929 | Confirmed: 12925 | Missing: 5 | StateHash: 0x74B1E6AC
[HEARTBEAT] SimTick: 12969 | NetHead: 12969 | Confirmed: 12964 | Missing: 5 | StateHash: 0x2CBC8135
[HEARTBEAT] SimTick: 13010 | NetHead: 13010 | Confirmed: 13007 | Missing: 3 | StateHash: 0x84461E61
[HEARTBEAT] SimTick: 13052 | NetHead: 13051 | Confirmed: 13048 | Missing: 4 | StateHash: 0xC037BA2C
[HEARTBEAT] SimTick: 13093 | NetHead: 13093 | Confirmed: 13088 | Missing: 5 | StateHash: 0xD1BA4BB9
[HEARTBEAT] SimTick: 13130 | NetHead: 13130 | Confirmed: 13127 | Missing: 3 | StateHash: 0x0D7F34A9
[HEARTBEAT] SimTick: 13168 | NetHead: 13167 | Confirmed: 13164 | Missing: 4 | StateHash: 0x068E12D4
[HEARTBEAT] SimTick: 13209 | NetHead: 13209 | Confirmed: 13204 | Missing: 5 | StateHash: 0xE1FB4F3D
[HEARTBEAT] SimTick: 13250 | NetHead: 13250 | Confirmed: 13245 | Missing: 5 | StateHash: 0x2DB7A271
